#
# A fatal error has been detected by the Java Runtime Environment:
#
#  SIGSEGV (0xb) at pc=0x00007f1c6933b4b8, pid=18615, tid=23255
#
# JRE version: Java(TM) SE Runtime Environment (17.0.9+11) (build 17.0.9+11-LTS-201)
# Java VM: Java HotSpot(TM) 64-Bit Server VM (17.0.9+11-LTS-201, mixed mode, sharing, tiered, compressed oops, compressed class ptrs, g1 gc, linux-amd64)
# Problematic frame:
# C  [libCLIPSJNI.so+0xa24b8]  RemoveEntityDependencies+0x48
#
# Core dump will be written. Default location: Core dumps may be processed with "/lib/systemd/systemd-coredump %P %u %g %s %t 9223372036854775808 %h" (or dumping to /home/ru/clips/VRShoreView/clp/core.18615)
#
# If you would like to submit a bug report, please visit:
#   https://bugreport.java.com/bugreport/crash.jsp
# The crash happened outside the Java Virtual Machine in native code.
# See problematic frame for where to report the bug.
#

---------------  S U M M A R Y ------------

Command Line: -Djava.library.path=clips clips/CLIPSIDE.jar

Host: Intel(R) Core(TM) i5-8500 CPU @ 3.00GHz, 6 cores, 15G, Linux Mint 21.3 Virginia
Time: Wed Jun  5 19:45:15 2024 MSK elapsed time: 12694.627185 seconds (0d 3h 31m 34s)

---------------  T H R E A D  ---------------

Current thread (0x00007f1bd815f0d0):  JavaThread "Thread-19" [_thread_in_native, id=23255, stack(0x00007f1c68ce9000,0x00007f1c68de9000)]

Stack: [0x00007f1c68ce9000,0x00007f1c68de9000],  sp=0x00007f1c68de70f0,  free space=1016k
Native frames: (J=compiled Java code, j=interpreted, Vv=VM code, C=native code)
C  [libCLIPSJNI.so+0xa24b8]  RemoveEntityDependencies+0x48

Java frames: (J=compiled Java code, j=interpreted, Vv=VM code)
j  net.sf.clipsrules.jni.Environment.commandLoopOnceThenBatch(J)V+0
j  net.sf.clipsrules.jni.Environment.commandLoopOnceThenBatch()V+5
j  net.sf.clipsrules.jni.CommandPromptTextArea.doExecuteCommand(Ljava/lang/String;)V+57
j  net.sf.clipsrules.jni.CommandPromptTextArea$1.run()V+11
j  java.lang.Thread.run()V+11 java.base@17.0.9
v  ~StubRoutines::call_stub

siginfo: si_signo: 11 (SIGSEGV), si_code: 1 (SEGV_MAPERR), si_addr: 0x000000000000008d

Register to memory mapping:

RAX=0x000000000000008d is an unknown value
RBX=0x000000000000008d is an unknown value
RCX=0x0 is NULL
RDX=0x00007f1bd0019840 points into unknown readable memory: 0x00007f1b00000002 | 02 00 00 00 1b 7f 00 00
RSP=0x00007f1c68de70f0 is pointing into the stack for thread: 0x00007f1bd815f0d0
RBP=0x00007f1bd0056ad0 points into unknown readable memory: 0x00007f1bd0050006 | 06 00 05 d0 1b 7f 00 00
RSI=0x0 is NULL
RDI=0x00007f1c98389dd0 points into unknown readable memory: 0x00a300a900120023 | 23 00 12 00 a9 00 a3 00
R8 =0x00007f1bd0056ad0 points into unknown readable memory: 0x00007f1bd0050006 | 06 00 05 d0 1b 7f 00 00
R9 =0x00007f1c9843c440 points into unknown readable memory: 0x00007f1b00000000 | 00 00 00 00 1b 7f 00 00
R10=0x00007f1c983fbf60 points into unknown readable memory: 0x00007f1bd0056ad0 | d0 6a 05 d0 1b 7f 00 00
R11=0x00007f1bd0056ad0 points into unknown readable memory: 0x00007f1bd0050006 | 06 00 05 d0 1b 7f 00 00
R12=0x00007f1c98389dd0 points into unknown readable memory: 0x00a300a900120023 | 23 00 12 00 a9 00 a3 00
R13=0x0 is NULL
R14=0x0 is NULL
R15=0x00007f1bd0019840 points into unknown readable memory: 0x00007f1b00000002 | 02 00 00 00 1b 7f 00 00


Registers:
RAX=0x000000000000008d, RBX=0x000000000000008d, RCX=0x0000000000000000, RDX=0x00007f1bd0019840
RSP=0x00007f1c68de70f0, RBP=0x00007f1bd0056ad0, RSI=0x0000000000000000, RDI=0x00007f1c98389dd0
R8 =0x00007f1bd0056ad0, R9 =0x00007f1c9843c440, R10=0x00007f1c983fbf60, R11=0x00007f1bd0056ad0
R12=0x00007f1c98389dd0, R13=0x0000000000000000, R14=0x0000000000000000, R15=0x00007f1bd0019840
RIP=0x00007f1c6933b4b8, EFLAGS=0x0000000000010246, CSGSFS=0x002b000000000033, ERR=0x0000000000000004
  TRAPNO=0x000000000000000e

Top of Stack: (sp=0x00007f1c68de70f0)
0x00007f1c68de70f0:   0000000000000000 00007f1c6930d9d2
0x00007f1c68de7100:   00007f1bd0016c50 00007f1c68de71f0
0x00007f1c68de7110:   00007f1bd0056ad0 0000000000000000
0x00007f1c68de7120:   00007f1c98389dd0 00007f1c68de7140 

Instructions: (pc=0x00007f1c6933b4b8)
0x00007f1c6933b3b8:   cd 7b 06 00 41 b8 01 00 00 00 50 48 8d 15 46 7d
0x00007f1c6933b3c8:   06 00 48 8d 35 44 7d 06 00 ff 35 81 8e 09 00 e8
0x00007f1c6933b3d8:   14 f6 f8 ff 48 83 c4 18 4d 89 e9 4c 89 e2 48 8d
0x00007f1c6933b3e8:   05 4d 7d 06 00 6a 00 48 89 ef 31 c9 50 41 b8 01
0x00007f1c6933b3f8:   00 00 00 48 8d 35 32 7d 06 00 ff 35 18 9a 09 00
0x00007f1c6933b408:   e8 e3 f5 f8 ff 48 83 c4 28 5d 41 5c 41 5d 41 5e
0x00007f1c6933b418:   c3 0f 1f 80 00 00 00 00 f3 0f 1e fa 48 8b 47 28
0x00007f1c6933b428:   48 8b 80 00 02 00 00 44 0f b6 40 08 40 88 70 08
0x00007f1c6933b438:   44 89 c0 c3 0f 1f 40 00 f3 0f 1e fa eb 14 66 2e
0x00007f1c6933b448:   0f 1f 84 00 00 00 00 00 48 39 7e 10 74 12 48 8b
0x00007f1c6933b458:   76 58 48 85 f6 75 f1 31 c0 c3 66 0f 1f 44 00 00
0x00007f1c6933b468:   48 89 f0 c3 0f 1f 40 00 f3 0f 1e fa 4c 8b 4e 10
0x00007f1c6933b478:   49 89 f0 4d 85 c9 0f 84 10 01 00 00 53 0f 1f 00
0x00007f1c6933b488:   4d 89 ca 4d 8b 49 08 4d 8b 1a 49 8b 43 20 48 85
0x00007f1c6933b498:   c0 0f 84 f1 00 00 00 48 89 c3 31 f6 eb 12 66 2e
0x00007f1c6933b4a8:   0f 1f 84 00 00 00 00 00 48 89 d6 48 85 c0 74 67
0x00007f1c6933b4b8:   48 8b 08 48 89 c2 48 8b 40 08 49 39 c8 75 e9 48
0x00007f1c6933b4c8:   85 f6 0f 84 b0 00 00 00 48 89 46 08 48 8b 4f 28
0x00007f1c6933b4d8:   48 8b 89 d8 01 00 00 48 89 51 20 48 8b 57 28 48
0x00007f1c6933b4e8:   8b 92 d8 01 00 00 48 8b 4a 20 48 8b 52 28 48 8b
0x00007f1c6933b4f8:   92 80 00 00 00 48 89 11 48 8b 57 28 48 8b 92 d8
0x00007f1c6933b508:   01 00 00 48 8b 4a 28 48 8b 52 20 48 89 91 80 00
0x00007f1c6933b518:   00 00 48 85 c0 75 99 49 89 5b 20 48 8b 47 28 48
0x00007f1c6933b528:   8b 80 d8 01 00 00 4c 89 50 20 48 8b 47 28 48 8b
0x00007f1c6933b538:   80 d8 01 00 00 48 8b 50 20 48 8b 40 28 48 8b 80
0x00007f1c6933b548:   80 00 00 00 48 89 02 48 8b 47 28 48 8b 80 d8 01
0x00007f1c6933b558:   00 00 48 8b 50 28 48 8b 40 20 48 89 82 80 00 00
0x00007f1c6933b568:   00 4d 85 c9 0f 85 16 ff ff ff 49 c7 40 10 00 00
0x00007f1c6933b578:   00 00 5b c3 0f 1f 40 00 48 89 c3 e9 4c ff ff ff
0x00007f1c6933b588:   0f 1f 84 00 00 00 00 00 31 db eb 8b 48 c7 46 10
0x00007f1c6933b598:   00 00 00 00 c3 0f 1f 00 f3 0f 1e fa 41 54 49 89
0x00007f1c6933b5a8:   f4 53 89 d3 48 83 ec 18 48 8b 57 28 48 8b 82 90 


Stack slot to memory mapping:
stack at sp + 0 slots: 0x0 is NULL
stack at sp + 1 slots: 0x00007f1c6930d9d2: RetractDriver+0x00000000000000c2 in /home/ru/clips/VRShoreView/clips/libCLIPSJNI.so at 0x00007f1c69299000
stack at sp + 2 slots: 0x00007f1bd0016c50 points into unknown readable memory: 0x0000000000000039 | 39 00 00 00 00 00 00 00
stack at sp + 3 slots: 0x00007f1c68de71f0 is pointing into the stack for thread: 0x00007f1bd815f0d0
stack at sp + 4 slots: 0x00007f1bd0056ad0 points into unknown readable memory: 0x00007f1bd0050006 | 06 00 05 d0 1b 7f 00 00
stack at sp + 5 slots: 0x0 is NULL
stack at sp + 6 slots: 0x00007f1c98389dd0 points into unknown readable memory: 0x00a300a900120023 | 23 00 12 00 a9 00 a3 00
stack at sp + 7 slots: 0x00007f1c68de7140 is pointing into the stack for thread: 0x00007f1bd815f0d0


---------------  P R O C E S S  ---------------

Threads class SMR info:
_java_thread_list=0x00007f1bcc2d4d30, length=19, elements={
0x00007f1c9817e270, 0x00007f1c9817f660, 0x00007f1c98184bf0, 0x00007f1c98185fb0,
0x00007f1c981873d0, 0x00007f1c98188d90, 0x00007f1c9818a2d0, 0x00007f1c9818b750,
0x00007f1c98192ac0, 0x00007f1c98196040, 0x00007f1c982c7240, 0x00007f1c98301980,
0x00007f1c9834f8d0, 0x00007f1c9849bab0, 0x00007f1c984e1c60, 0x00007f1c98521f30,
0x00007f1c98023df0, 0x00007f1bd815f0d0, 0x00007f1bcc05b280
}

Java Threads: ( => current thread )
  0x00007f1c9817e270 JavaThread "Reference Handler" daemon [_thread_blocked, id=18623, stack(0x00007f1c78d1f000,0x00007f1c78e1f000)]
  0x00007f1c9817f660 JavaThread "Finalizer" daemon [_thread_blocked, id=18624, stack(0x00007f1c78c1f000,0x00007f1c78d1f000)]
  0x00007f1c98184bf0 JavaThread "Signal Dispatcher" daemon [_thread_blocked, id=18625, stack(0x00007f1c785ab000,0x00007f1c786ab000)]
  0x00007f1c98185fb0 JavaThread "Service Thread" daemon [_thread_blocked, id=18626, stack(0x00007f1c784ab000,0x00007f1c785ab000)]
  0x00007f1c981873d0 JavaThread "Monitor Deflation Thread" daemon [_thread_blocked, id=18627, stack(0x00007f1c783ab000,0x00007f1c784ab000)]
  0x00007f1c98188d90 JavaThread "C2 CompilerThread0" daemon [_thread_blocked, id=18628, stack(0x00007f1c782ab000,0x00007f1c783ab000)]
  0x00007f1c9818a2d0 JavaThread "C1 CompilerThread0" daemon [_thread_blocked, id=18629, stack(0x00007f1c781ab000,0x00007f1c782ab000)]
  0x00007f1c9818b750 JavaThread "Sweeper thread" daemon [_thread_blocked, id=18630, stack(0x00007f1c780ab000,0x00007f1c781ab000)]
  0x00007f1c98192ac0 JavaThread "Notification Thread" daemon [_thread_blocked, id=18635, stack(0x00007f1c69f00000,0x00007f1c6a000000)]
  0x00007f1c98196040 JavaThread "Common-Cleaner" daemon [_thread_blocked, id=18638, stack(0x00007f1c69cff000,0x00007f1c69dff000)]
  0x00007f1c982c7240 JavaThread "Java2D Disposer" daemon [_thread_blocked, id=18715, stack(0x00007f1c695ec000,0x00007f1c696ec000)]
  0x00007f1c98301980 JavaThread "AWT-XAWT" daemon [_thread_in_native, id=18720, stack(0x00007f1c694d8000,0x00007f1c695d8000)]
  0x00007f1c9834f8d0 JavaThread "Timer-0" daemon [_thread_blocked, id=18741, stack(0x00007f1c693d8000,0x00007f1c694d8000)]
  0x00007f1c9849bab0 JavaThread "AWT-Shutdown" [_thread_blocked, id=18754, stack(0x00007f1c6909f000,0x00007f1c6919f000)]
  0x00007f1c984e1c60 JavaThread "AWT-EventQueue-0" [_thread_blocked, id=18756, stack(0x00007f1c68ee9000,0x00007f1c68fe9000)]
  0x00007f1c98521f30 JavaThread "TimerQueue" daemon [_thread_blocked, id=18759, stack(0x00007f1c68be9000,0x00007f1c68ce9000)]
  0x00007f1c98023df0 JavaThread "DestroyJavaVM" [_thread_blocked, id=18616, stack(0x00007f1c9e129000,0x00007f1c9e229000)]
=>0x00007f1bd815f0d0 JavaThread "Thread-19" [_thread_in_native, id=23255, stack(0x00007f1c68ce9000,0x00007f1c68de9000)]
  0x00007f1bcc05b280 JavaThread "Timer-10" [_thread_blocked, id=23256, stack(0x00007f1c68ae9000,0x00007f1c68be9000)]

Other Threads:
  0x00007f1c9817a340 VMThread "VM Thread" [stack: 0x00007f1c78e20000,0x00007f1c78f20000] [id=18622]
  0x00007f1c98194550 WatcherThread [stack: 0x00007f1c69e00000,0x00007f1c69f00000] [id=18636]
  0x00007f1c9808e6f0 GCTaskThread "GC Thread#0" [stack: 0x00007f1c9c055000,0x00007f1c9c155000] [id=18617]
  0x00007f1c14005930 GCTaskThread "GC Thread#1" [stack: 0x00007f1c689e9000,0x00007f1c68ae9000] [id=18796]
  0x00007f1c14006370 GCTaskThread "GC Thread#2" [stack: 0x00007f1c688e8000,0x00007f1c689e8000] [id=18797]
  0x00007f1c14006db0 GCTaskThread "GC Thread#3" [stack: 0x00007f1c687e7000,0x00007f1c688e7000] [id=18798]
  0x00007f1c140077f0 GCTaskThread "GC Thread#4" [stack: 0x00007f1c686e6000,0x00007f1c687e6000] [id=18799]
  0x00007f1c14008230 GCTaskThread "GC Thread#5" [stack: 0x00007f1c685e5000,0x00007f1c686e5000] [id=18800]
  0x00007f1c9809f430 ConcurrentGCThread "G1 Main Marker" [stack: 0x00007f1c79a17000,0x00007f1c79b17000] [id=18618]
  0x00007f1c980a03a0 ConcurrentGCThread "G1 Conc#0" [stack: 0x00007f1c79916000,0x00007f1c79a16000] [id=18619]
  0x00007f1c9814b3e0 ConcurrentGCThread "G1 Refine#0" [stack: 0x00007f1c7920f000,0x00007f1c7930f000] [id=18620]
  0x00007f1c9814c2d0 ConcurrentGCThread "G1 Service" [stack: 0x00007f1c7910e000,0x00007f1c7920e000] [id=18621]

Threads with active compile tasks:

VM state: not at safepoint (normal execution)

VM Mutex/Monitor currently owned by a thread: None

Heap address: 0x0000000708a00000, size: 3958 MB, Compressed Oops mode: Zero based, Oop shift amount: 3

CDS archive(s) mapped at: [0x00007f1c1b000000-0x00007f1c1bbed000-0x00007f1c1bbed000), size 12505088, SharedBaseAddress: 0x00007f1c1b000000, ArchiveRelocationMode: 1.
Compressed class space mapped at: 0x00007f1c1c000000-0x00007f1c5c000000, reserved size: 1073741824
Narrow klass base: 0x00007f1c1b000000, Narrow klass shift: 0, Narrow klass range: 0x100000000

GC Precious Log:
 CPUs: 6 total, 6 available
 Memory: 15828M
 Large Page Support: Disabled
 NUMA Support: Disabled
 Compressed Oops: Enabled (Zero based)
 Heap Region Size: 2M
 Heap Min Capacity: 8M
 Heap Initial Capacity: 248M
 Heap Max Capacity: 3958M
 Pre-touch: Disabled
 Parallel Workers: 6
 Concurrent Workers: 2
 Concurrent Refinement Workers: 6
 Periodic GC: Disabled

Heap:
 garbage-first heap   total 258048K, used 21402K [0x0000000708a00000, 0x0000000800000000)
  region size 2048K, 11 young (22528K), 2 survivors (4096K)
 Metaspace       used 18292K, committed 18560K, reserved 1114112K
  class space    used 2023K, committed 2176K, reserved 1048576K

Heap Regions: E=young(eden), S=young(survivor), O=old, HS=humongous(starts), HC=humongous(continues), CS=collection set, F=free, OA=open archive, CA=closed archive, TAMS=top-at-mark-start (previous, next)
|   0|0x0000000708a00000, 0x0000000708a00000, 0x0000000708c00000|  0%| F|  |TAMS 0x0000000708a00000, 0x0000000708a00000| Untracked 
|   1|0x0000000708c00000, 0x0000000708c00000, 0x0000000708e00000|  0%| F|  |TAMS 0x0000000708c00000, 0x0000000708c00000| Untracked 
|   2|0x0000000708e00000, 0x0000000708e00000, 0x0000000709000000|  0%| F|  |TAMS 0x0000000708e00000, 0x0000000708e00000| Untracked 
|   3|0x0000000709000000, 0x0000000709000000, 0x0000000709200000|  0%| F|  |TAMS 0x0000000709000000, 0x0000000709000000| Untracked 
|   4|0x0000000709200000, 0x0000000709200000, 0x0000000709400000|  0%| F|  |TAMS 0x0000000709200000, 0x0000000709200000| Untracked 
|   5|0x0000000709400000, 0x0000000709400000, 0x0000000709600000|  0%| F|  |TAMS 0x0000000709400000, 0x0000000709400000| Untracked 
|   6|0x0000000709600000, 0x0000000709600000, 0x0000000709800000|  0%| F|  |TAMS 0x0000000709600000, 0x0000000709600000| Untracked 
|   7|0x0000000709800000, 0x0000000709800000, 0x0000000709a00000|  0%| F|  |TAMS 0x0000000709800000, 0x0000000709800000| Untracked 
|   8|0x0000000709a00000, 0x0000000709a00000, 0x0000000709c00000|  0%| F|  |TAMS 0x0000000709a00000, 0x0000000709a00000| Untracked 
|   9|0x0000000709c00000, 0x0000000709c00000, 0x0000000709e00000|  0%| F|  |TAMS 0x0000000709c00000, 0x0000000709c00000| Untracked 
|  10|0x0000000709e00000, 0x0000000709e00000, 0x000000070a000000|  0%| F|  |TAMS 0x0000000709e00000, 0x0000000709e00000| Untracked 
|  11|0x000000070a000000, 0x000000070a000000, 0x000000070a200000|  0%| F|  |TAMS 0x000000070a000000, 0x000000070a000000| Untracked 
|  12|0x000000070a200000, 0x000000070a200000, 0x000000070a400000|  0%| F|  |TAMS 0x000000070a200000, 0x000000070a200000| Untracked 
|  13|0x000000070a400000, 0x000000070a400000, 0x000000070a600000|  0%| F|  |TAMS 0x000000070a400000, 0x000000070a400000| Untracked 
|  14|0x000000070a600000, 0x000000070a600000, 0x000000070a800000|  0%| F|  |TAMS 0x000000070a600000, 0x000000070a600000| Untracked 
|  15|0x000000070a800000, 0x000000070a800000, 0x000000070aa00000|  0%| F|  |TAMS 0x000000070a800000, 0x000000070a800000| Untracked 
|  16|0x000000070aa00000, 0x000000070aa00000, 0x000000070ac00000|  0%| F|  |TAMS 0x000000070aa00000, 0x000000070aa00000| Untracked 
|  17|0x000000070ac00000, 0x000000070ac00000, 0x000000070ae00000|  0%| F|  |TAMS 0x000000070ac00000, 0x000000070ac00000| Untracked 
|  18|0x000000070ae00000, 0x000000070ae00000, 0x000000070b000000|  0%| F|  |TAMS 0x000000070ae00000, 0x000000070ae00000| Untracked 
|  19|0x000000070b000000, 0x000000070b000000, 0x000000070b200000|  0%| F|  |TAMS 0x000000070b000000, 0x000000070b000000| Untracked 
|  20|0x000000070b200000, 0x000000070b200000, 0x000000070b400000|  0%| F|  |TAMS 0x000000070b200000, 0x000000070b200000| Untracked 
|  21|0x000000070b400000, 0x000000070b400000, 0x000000070b600000|  0%| F|  |TAMS 0x000000070b400000, 0x000000070b400000| Untracked 
|  22|0x000000070b600000, 0x000000070b600000, 0x000000070b800000|  0%| F|  |TAMS 0x000000070b600000, 0x000000070b600000| Untracked 
|  23|0x000000070b800000, 0x000000070b800000, 0x000000070ba00000|  0%| F|  |TAMS 0x000000070b800000, 0x000000070b800000| Untracked 
|  24|0x000000070ba00000, 0x000000070ba00000, 0x000000070bc00000|  0%| F|  |TAMS 0x000000070ba00000, 0x000000070ba00000| Untracked 
|  25|0x000000070bc00000, 0x000000070bc00000, 0x000000070be00000|  0%| F|  |TAMS 0x000000070bc00000, 0x000000070bc00000| Untracked 
|  26|0x000000070be00000, 0x000000070be00000, 0x000000070c000000|  0%| F|  |TAMS 0x000000070be00000, 0x000000070be00000| Untracked 
|  27|0x000000070c000000, 0x000000070c000000, 0x000000070c200000|  0%| F|  |TAMS 0x000000070c000000, 0x000000070c000000| Untracked 
|  28|0x000000070c200000, 0x000000070c200000, 0x000000070c400000|  0%| F|  |TAMS 0x000000070c200000, 0x000000070c200000| Untracked 
|  29|0x000000070c400000, 0x000000070c400000, 0x000000070c600000|  0%| F|  |TAMS 0x000000070c400000, 0x000000070c400000| Untracked 
|  30|0x000000070c600000, 0x000000070c600000, 0x000000070c800000|  0%| F|  |TAMS 0x000000070c600000, 0x000000070c600000| Untracked 
|  31|0x000000070c800000, 0x000000070c800000, 0x000000070ca00000|  0%| F|  |TAMS 0x000000070c800000, 0x000000070c800000| Untracked 
|  32|0x000000070ca00000, 0x000000070ca00000, 0x000000070cc00000|  0%| F|  |TAMS 0x000000070ca00000, 0x000000070ca00000| Untracked 
|  33|0x000000070cc00000, 0x000000070cc00000, 0x000000070ce00000|  0%| F|  |TAMS 0x000000070cc00000, 0x000000070cc00000| Untracked 
|  34|0x000000070ce00000, 0x000000070ce00000, 0x000000070d000000|  0%| F|  |TAMS 0x000000070ce00000, 0x000000070ce00000| Untracked 
|  35|0x000000070d000000, 0x000000070d000000, 0x000000070d200000|  0%| F|  |TAMS 0x000000070d000000, 0x000000070d000000| Untracked 
|  36|0x000000070d200000, 0x000000070d200000, 0x000000070d400000|  0%| F|  |TAMS 0x000000070d200000, 0x000000070d200000| Untracked 
|  37|0x000000070d400000, 0x000000070d400000, 0x000000070d600000|  0%| F|  |TAMS 0x000000070d400000, 0x000000070d400000| Untracked 
|  38|0x000000070d600000, 0x000000070d600000, 0x000000070d800000|  0%| F|  |TAMS 0x000000070d600000, 0x000000070d600000| Untracked 
|  39|0x000000070d800000, 0x000000070d800000, 0x000000070da00000|  0%| F|  |TAMS 0x000000070d800000, 0x000000070d800000| Untracked 
|  40|0x000000070da00000, 0x000000070da00000, 0x000000070dc00000|  0%| F|  |TAMS 0x000000070da00000, 0x000000070da00000| Untracked 
|  41|0x000000070dc00000, 0x000000070dc00000, 0x000000070de00000|  0%| F|  |TAMS 0x000000070dc00000, 0x000000070dc00000| Untracked 
|  42|0x000000070de00000, 0x000000070de00000, 0x000000070e000000|  0%| F|  |TAMS 0x000000070de00000, 0x000000070de00000| Untracked 
|  43|0x000000070e000000, 0x000000070e000000, 0x000000070e200000|  0%| F|  |TAMS 0x000000070e000000, 0x000000070e000000| Untracked 
|  44|0x000000070e200000, 0x000000070e200000, 0x000000070e400000|  0%| F|  |TAMS 0x000000070e200000, 0x000000070e200000| Untracked 
|  45|0x000000070e400000, 0x000000070e400000, 0x000000070e600000|  0%| F|  |TAMS 0x000000070e400000, 0x000000070e400000| Untracked 
|  46|0x000000070e600000, 0x000000070e600000, 0x000000070e800000|  0%| F|  |TAMS 0x000000070e600000, 0x000000070e600000| Untracked 
|  47|0x000000070e800000, 0x000000070e800000, 0x000000070ea00000|  0%| F|  |TAMS 0x000000070e800000, 0x000000070e800000| Untracked 
|  48|0x000000070ea00000, 0x000000070eaeba18, 0x000000070ec00000| 46%| S|CS|TAMS 0x000000070ea00000, 0x000000070ea00000| Complete 
|  49|0x000000070ec00000, 0x000000070ee00000, 0x000000070ee00000|100%| S|CS|TAMS 0x000000070ec00000, 0x000000070ec00000| Complete 
|  50|0x000000070ee00000, 0x000000070ee00000, 0x000000070f000000|  0%| F|  |TAMS 0x000000070ee00000, 0x000000070ee00000| Untracked 
|  51|0x000000070f000000, 0x000000070f000000, 0x000000070f200000|  0%| F|  |TAMS 0x000000070f000000, 0x000000070f000000| Untracked 
|  52|0x000000070f200000, 0x000000070f200000, 0x000000070f400000|  0%| F|  |TAMS 0x000000070f200000, 0x000000070f200000| Untracked 
|  53|0x000000070f400000, 0x000000070f400000, 0x000000070f600000|  0%| F|  |TAMS 0x000000070f400000, 0x000000070f400000| Untracked 
|  54|0x000000070f600000, 0x000000070f600000, 0x000000070f800000|  0%| F|  |TAMS 0x000000070f600000, 0x000000070f600000| Untracked 
|  55|0x000000070f800000, 0x000000070f800000, 0x000000070fa00000|  0%| F|  |TAMS 0x000000070f800000, 0x000000070f800000| Untracked 
|  56|0x000000070fa00000, 0x000000070fa00000, 0x000000070fc00000|  0%| F|  |TAMS 0x000000070fa00000, 0x000000070fa00000| Untracked 
|  57|0x000000070fc00000, 0x000000070fc00000, 0x000000070fe00000|  0%| F|  |TAMS 0x000000070fc00000, 0x000000070fc00000| Untracked 
|  58|0x000000070fe00000, 0x000000070fe00000, 0x0000000710000000|  0%| F|  |TAMS 0x000000070fe00000, 0x000000070fe00000| Untracked 
|  59|0x0000000710000000, 0x0000000710000000, 0x0000000710200000|  0%| F|  |TAMS 0x0000000710000000, 0x0000000710000000| Untracked 
|  60|0x0000000710200000, 0x0000000710200000, 0x0000000710400000|  0%| F|  |TAMS 0x0000000710200000, 0x0000000710200000| Untracked 
|  61|0x0000000710400000, 0x0000000710400000, 0x0000000710600000|  0%| F|  |TAMS 0x0000000710400000, 0x0000000710400000| Untracked 
|  62|0x0000000710600000, 0x0000000710600000, 0x0000000710800000|  0%| F|  |TAMS 0x0000000710600000, 0x0000000710600000| Untracked 
|  63|0x0000000710800000, 0x0000000710800000, 0x0000000710a00000|  0%| F|  |TAMS 0x0000000710800000, 0x0000000710800000| Untracked 
|  64|0x0000000710a00000, 0x0000000710a00000, 0x0000000710c00000|  0%| F|  |TAMS 0x0000000710a00000, 0x0000000710a00000| Untracked 
|  65|0x0000000710c00000, 0x0000000710c00000, 0x0000000710e00000|  0%| F|  |TAMS 0x0000000710c00000, 0x0000000710c00000| Untracked 
|  66|0x0000000710e00000, 0x0000000710e00000, 0x0000000711000000|  0%| F|  |TAMS 0x0000000710e00000, 0x0000000710e00000| Untracked 
|  67|0x0000000711000000, 0x0000000711000000, 0x0000000711200000|  0%| F|  |TAMS 0x0000000711000000, 0x0000000711000000| Untracked 
|  68|0x0000000711200000, 0x0000000711200000, 0x0000000711400000|  0%| F|  |TAMS 0x0000000711200000, 0x0000000711200000| Untracked 
|  69|0x0000000711400000, 0x0000000711400000, 0x0000000711600000|  0%| F|  |TAMS 0x0000000711400000, 0x0000000711400000| Untracked 
|  70|0x0000000711600000, 0x0000000711600000, 0x0000000711800000|  0%| F|  |TAMS 0x0000000711600000, 0x0000000711600000| Untracked 
|  71|0x0000000711800000, 0x0000000711800000, 0x0000000711a00000|  0%| F|  |TAMS 0x0000000711800000, 0x0000000711800000| Untracked 
|  72|0x0000000711a00000, 0x0000000711a00000, 0x0000000711c00000|  0%| F|  |TAMS 0x0000000711a00000, 0x0000000711a00000| Untracked 
|  73|0x0000000711c00000, 0x0000000711c00000, 0x0000000711e00000|  0%| F|  |TAMS 0x0000000711c00000, 0x0000000711c00000| Untracked 
|  74|0x0000000711e00000, 0x0000000711e00000, 0x0000000712000000|  0%| F|  |TAMS 0x0000000711e00000, 0x0000000711e00000| Untracked 
|  75|0x0000000712000000, 0x0000000712000000, 0x0000000712200000|  0%| F|  |TAMS 0x0000000712000000, 0x0000000712000000| Untracked 
|  76|0x0000000712200000, 0x0000000712200000, 0x0000000712400000|  0%| F|  |TAMS 0x0000000712200000, 0x0000000712200000| Untracked 
|  77|0x0000000712400000, 0x0000000712400000, 0x0000000712600000|  0%| F|  |TAMS 0x0000000712400000, 0x0000000712400000| Untracked 
|  78|0x0000000712600000, 0x0000000712600000, 0x0000000712800000|  0%| F|  |TAMS 0x0000000712600000, 0x0000000712600000| Untracked 
|  79|0x0000000712800000, 0x0000000712800000, 0x0000000712a00000|  0%| F|  |TAMS 0x0000000712800000, 0x0000000712800000| Untracked 
|  80|0x0000000712a00000, 0x0000000712a00000, 0x0000000712c00000|  0%| F|  |TAMS 0x0000000712a00000, 0x0000000712a00000| Untracked 
|  81|0x0000000712c00000, 0x0000000712c00000, 0x0000000712e00000|  0%| F|  |TAMS 0x0000000712c00000, 0x0000000712c00000| Untracked 
|  82|0x0000000712e00000, 0x0000000712e00000, 0x0000000713000000|  0%| F|  |TAMS 0x0000000712e00000, 0x0000000712e00000| Untracked 
|  83|0x0000000713000000, 0x0000000713000000, 0x0000000713200000|  0%| F|  |TAMS 0x0000000713000000, 0x0000000713000000| Untracked 
|  84|0x0000000713200000, 0x0000000713200000, 0x0000000713400000|  0%| F|  |TAMS 0x0000000713200000, 0x0000000713200000| Untracked 
|  85|0x0000000713400000, 0x0000000713400000, 0x0000000713600000|  0%| F|  |TAMS 0x0000000713400000, 0x0000000713400000| Untracked 
|  86|0x0000000713600000, 0x0000000713600000, 0x0000000713800000|  0%| F|  |TAMS 0x0000000713600000, 0x0000000713600000| Untracked 
|  87|0x0000000713800000, 0x0000000713800000, 0x0000000713a00000|  0%| F|  |TAMS 0x0000000713800000, 0x0000000713800000| Untracked 
|  88|0x0000000713a00000, 0x0000000713a00000, 0x0000000713c00000|  0%| F|  |TAMS 0x0000000713a00000, 0x0000000713a00000| Untracked 
|  89|0x0000000713c00000, 0x0000000713c00000, 0x0000000713e00000|  0%| F|  |TAMS 0x0000000713c00000, 0x0000000713c00000| Untracked 
|  90|0x0000000713e00000, 0x0000000713e00000, 0x0000000714000000|  0%| F|  |TAMS 0x0000000713e00000, 0x0000000713e00000| Untracked 
|  91|0x0000000714000000, 0x0000000714000000, 0x0000000714200000|  0%| F|  |TAMS 0x0000000714000000, 0x0000000714000000| Untracked 
|  92|0x0000000714200000, 0x0000000714200000, 0x0000000714400000|  0%| F|  |TAMS 0x0000000714200000, 0x0000000714200000| Untracked 
|  93|0x0000000714400000, 0x0000000714400000, 0x0000000714600000|  0%| F|  |TAMS 0x0000000714400000, 0x0000000714400000| Untracked 
|  94|0x0000000714600000, 0x0000000714600000, 0x0000000714800000|  0%| F|  |TAMS 0x0000000714600000, 0x0000000714600000| Untracked 
|  95|0x0000000714800000, 0x0000000714800000, 0x0000000714a00000|  0%| F|  |TAMS 0x0000000714800000, 0x0000000714800000| Untracked 
|  96|0x0000000714a00000, 0x0000000714a00000, 0x0000000714c00000|  0%| F|  |TAMS 0x0000000714a00000, 0x0000000714a00000| Untracked 
|  97|0x0000000714c00000, 0x0000000714c00000, 0x0000000714e00000|  0%| F|  |TAMS 0x0000000714c00000, 0x0000000714c00000| Untracked 
|  98|0x0000000714e00000, 0x0000000714e00000, 0x0000000715000000|  0%| F|  |TAMS 0x0000000714e00000, 0x0000000714e00000| Untracked 
|  99|0x0000000715000000, 0x0000000715000000, 0x0000000715200000|  0%| F|  |TAMS 0x0000000715000000, 0x0000000715000000| Untracked 
| 100|0x0000000715200000, 0x0000000715200000, 0x0000000715400000|  0%| F|  |TAMS 0x0000000715200000, 0x0000000715200000| Untracked 
| 101|0x0000000715400000, 0x0000000715400000, 0x0000000715600000|  0%| F|  |TAMS 0x0000000715400000, 0x0000000715400000| Untracked 
| 102|0x0000000715600000, 0x0000000715600000, 0x0000000715800000|  0%| F|  |TAMS 0x0000000715600000, 0x0000000715600000| Untracked 
| 103|0x0000000715800000, 0x0000000715800000, 0x0000000715a00000|  0%| F|  |TAMS 0x0000000715800000, 0x0000000715800000| Untracked 
| 104|0x0000000715a00000, 0x0000000715a00000, 0x0000000715c00000|  0%| F|  |TAMS 0x0000000715a00000, 0x0000000715a00000| Untracked 
| 105|0x0000000715c00000, 0x0000000715c00000, 0x0000000715e00000|  0%| F|  |TAMS 0x0000000715c00000, 0x0000000715c00000| Untracked 
| 106|0x0000000715e00000, 0x0000000715e00000, 0x0000000716000000|  0%| F|  |TAMS 0x0000000715e00000, 0x0000000715e00000| Untracked 
| 107|0x0000000716000000, 0x0000000716000000, 0x0000000716200000|  0%| F|  |TAMS 0x0000000716000000, 0x0000000716000000| Untracked 
| 108|0x0000000716200000, 0x0000000716200000, 0x0000000716400000|  0%| F|  |TAMS 0x0000000716200000, 0x0000000716200000| Untracked 
| 109|0x0000000716400000, 0x0000000716400000, 0x0000000716600000|  0%| F|  |TAMS 0x0000000716400000, 0x0000000716400000| Untracked 
| 110|0x0000000716600000, 0x0000000716600000, 0x0000000716800000|  0%| F|  |TAMS 0x0000000716600000, 0x0000000716600000| Untracked 
| 111|0x0000000716800000, 0x0000000716800000, 0x0000000716a00000|  0%| F|  |TAMS 0x0000000716800000, 0x0000000716800000| Untracked 
| 112|0x0000000716a00000, 0x0000000716a00000, 0x0000000716c00000|  0%| F|  |TAMS 0x0000000716a00000, 0x0000000716a00000| Untracked 
| 113|0x0000000716c00000, 0x0000000716c00000, 0x0000000716e00000|  0%| F|  |TAMS 0x0000000716c00000, 0x0000000716c00000| Untracked 
| 114|0x0000000716e00000, 0x0000000716e00000, 0x0000000717000000|  0%| F|  |TAMS 0x0000000716e00000, 0x0000000716e00000| Untracked 
| 115|0x0000000717000000, 0x0000000717118280, 0x0000000717200000| 54%| E|  |TAMS 0x0000000717000000, 0x0000000717000000| Complete 
| 116|0x0000000717200000, 0x0000000717400000, 0x0000000717400000|100%| E|CS|TAMS 0x0000000717200000, 0x0000000717200000| Complete 
| 117|0x0000000717400000, 0x0000000717600000, 0x0000000717600000|100%| E|CS|TAMS 0x0000000717400000, 0x0000000717400000| Complete 
| 118|0x0000000717600000, 0x0000000717800000, 0x0000000717800000|100%| E|CS|TAMS 0x0000000717600000, 0x0000000717600000| Complete 
| 119|0x0000000717800000, 0x0000000717a00000, 0x0000000717a00000|100%| E|CS|TAMS 0x0000000717800000, 0x0000000717800000| Complete 
| 120|0x0000000717a00000, 0x0000000717c00000, 0x0000000717c00000|100%| E|CS|TAMS 0x0000000717a00000, 0x0000000717a00000| Complete 
| 121|0x0000000717c00000, 0x0000000717e00000, 0x0000000717e00000|100%| E|CS|TAMS 0x0000000717c00000, 0x0000000717c00000| Complete 
| 122|0x0000000717e00000, 0x0000000718000000, 0x0000000718000000|100%| E|CS|TAMS 0x0000000717e00000, 0x0000000717e00000| Complete 
| 123|0x0000000718000000, 0x0000000718200000, 0x0000000718200000|100%| E|CS|TAMS 0x0000000718000000, 0x0000000718000000| Complete 
|1977|0x00000007ffc00000, 0x00000007ffd77000, 0x00000007ffe00000| 73%|OA|  |TAMS 0x00000007ffc00000, 0x00000007ffc00000| Untracked 
|1978|0x00000007ffe00000, 0x00000007ffe84000, 0x0000000800000000| 25%|CA|  |TAMS 0x00000007ffe00000, 0x00000007ffe00000| Untracked 

Card table byte_map: [0x00007f1c9c990000,0x00007f1c9d14b000] _byte_map_base: 0x00007f1c9914b000

Marking Bits (Prev, Next): (CMBitMap*) 0x00007f1c9808f170, (CMBitMap*) 0x00007f1c9808f1b0
 Prev Bits: [0x00007f1c7d8ef000, 0x00007f1c816c7000)
 Next Bits: [0x00007f1c79b17000, 0x00007f1c7d8ef000)

Polling page: 0x00007f1c9f81a000

Metaspace:

Usage:
  Non-class:     15.89 MB used.
      Class:      1.98 MB used.
       Both:     17.86 MB used.

Virtual space:
  Non-class space:       64.00 MB reserved,      16.00 MB ( 25%) committed,  1 nodes.
      Class space:        1.00 GB reserved,       2.12 MB ( <1%) committed,  1 nodes.
             Both:        1.06 GB reserved,      18.12 MB (  2%) committed. 

Chunk freelists:
   Non-Class:  30.00 KB
       Class:  13.74 MB
        Both:  13.77 MB

MaxMetaspaceSize: unlimited
CompressedClassSpaceSize: 1.00 GB
Initial GC threshold: 21.00 MB
Current GC threshold: 21.00 MB
CDS: on
MetaspaceReclaimPolicy: balanced
 - commit_granule_bytes: 65536.
 - commit_granule_words: 8192.
 - virtual_space_node_default_size: 8388608.
 - enlarge_chunks_in_place: 1.
 - new_chunks_are_fully_committed: 0.
 - uncommit_free_chunks: 1.
 - use_allocation_guard: 0.
 - handle_deallocations: 1.


Internal statistics:

num_allocs_failed_limit: 0.
num_arena_births: 220.
num_arena_deaths: 0.
num_vsnodes_births: 2.
num_vsnodes_deaths: 0.
num_space_committed: 290.
num_space_uncommitted: 0.
num_chunks_returned_to_freelist: 0.
num_chunks_taken_from_freelist: 355.
num_chunk_merges: 0.
num_chunk_splits: 197.
num_chunks_enlarged: 97.
num_inconsistent_stats: 0.

CodeHeap 'non-profiled nmethods': size=120032Kb used=4664Kb max_used=4664Kb free=115367Kb
 bounds [0x00007f1c8918f000, 0x00007f1c8961f000, 0x00007f1c906c7000]
CodeHeap 'profiled nmethods': size=120028Kb used=7697Kb max_used=7697Kb free=112330Kb
 bounds [0x00007f1c816c7000, 0x00007f1c81e97000, 0x00007f1c88bfe000]
CodeHeap 'non-nmethods': size=5700Kb used=1363Kb max_used=1466Kb free=4337Kb
 bounds [0x00007f1c88bfe000, 0x00007f1c88e6e000, 0x00007f1c8918f000]
 total_blobs=4852 nmethods=4139 adapters=625
 compilation: enabled
              stopped_count=0, restarted_count=0
 full_count=0

Compilation events (20 events):
Event: 12688.623 Thread 0x00007f1c9818a2d0 4856       3       javax.swing.JMenuItem::setArmed (30 bytes)
Event: 12688.623 Thread 0x00007f1c9818a2d0 nmethod 4856 0x00007f1c81a38a10 code [0x00007f1c81a38be0, 0x00007f1c81a39180]
Event: 12688.823 Thread 0x00007f1c9818a2d0 4857       3       javax.swing.plaf.basic.BasicMenuItemUI::paintMenuItem (188 bytes)
Event: 12688.824 Thread 0x00007f1c9818a2d0 nmethod 4857 0x00007f1c81819510 code [0x00007f1c818198a0, 0x00007f1c8181b520]
Event: 12688.824 Thread 0x00007f1c9818a2d0 4858       3       sun.swing.MenuItemLayoutHelper::createLayoutResult (134 bytes)
Event: 12688.824 Thread 0x00007f1c9818a2d0 nmethod 4858 0x00007f1c81a37e90 code [0x00007f1c81a380c0, 0x00007f1c81a38700]
Event: 12688.824 Thread 0x00007f1c9818a2d0 4859       3       sun.swing.MenuItemLayoutHelper::prepareForLayout (43 bytes)
Event: 12688.824 Thread 0x00007f1c9818a2d0 nmethod 4859 0x00007f1c818fab90 code [0x00007f1c818fad40, 0x00007f1c818faeb0]
Event: 12688.824 Thread 0x00007f1c9818a2d0 4860       3       sun.swing.MenuItemLayoutHelper::doLTRColumnLayout (245 bytes)
Event: 12688.825 Thread 0x00007f1c9818a2d0 nmethod 4860 0x00007f1c81818010 code [0x00007f1c81818260, 0x00007f1c818190a0]
Event: 12688.825 Thread 0x00007f1c9818a2d0 4861       3       sun.swing.MenuItemLayoutHelper::alignAccCheckAndArrowVertically (149 bytes)
Event: 12688.825 Thread 0x00007f1c9818a2d0 nmethod 4861 0x00007f1c81a37690 code [0x00007f1c81a378a0, 0x00007f1c81a37bc0]
Event: 12688.911 Thread 0x00007f1c98188d90 4862   !   4       javax.swing.JComponent::_paintImmediately (891 bytes)
Event: 12689.198 Thread 0x00007f1c98188d90 nmethod 4862 0x00007f1c8960da90 code [0x00007f1c8960e140, 0x00007f1c89616a48]
Event: 12690.015 Thread 0x00007f1c9818a2d0 4863       3       javax.swing.JMenuItem::menuSelectionChanged (6 bytes)
Event: 12690.015 Thread 0x00007f1c9818a2d0 nmethod 4863 0x00007f1c81817610 code [0x00007f1c818177e0, 0x00007f1c81817e60]
Event: 12692.735 Thread 0x00007f1c9818a2d0 4864       1       java.lang.reflect.Method::getDeclaringClass (5 bytes)
Event: 12692.735 Thread 0x00007f1c9818a2d0 nmethod 4864 0x00007f1c8961cf90 code [0x00007f1c8961d120, 0x00007f1c8961d1f0]
Event: 12692.735 Thread 0x00007f1c9818a2d0 4865       3       javax.swing.JMenu::isSelected (10 bytes)
Event: 12692.735 Thread 0x00007f1c9818a2d0 nmethod 4865 0x00007f1c81817110 code [0x00007f1c818172c0, 0x00007f1c81817520]

GC Heap History (20 events):
Event: 4283.158 GC heap before
{Heap before GC invocations=5 (full 0):
 garbage-first heap   total 258048K, used 152470K [0x0000000708a00000, 0x0000000800000000)
  region size 2048K, 74 young (151552K), 2 survivors (4096K)
 Metaspace       used 18172K, committed 18496K, reserved 1114112K
  class space    used 2023K, committed 2176K, reserved 1048576K
}
Event: 4283.161 GC heap after
{Heap after GC invocations=6 (full 0):
 garbage-first heap   total 258048K, used 5093K [0x0000000708a00000, 0x0000000800000000)
  region size 2048K, 2 young (4096K), 2 survivors (4096K)
 Metaspace       used 18172K, committed 18496K, reserved 1114112K
  class space    used 2023K, committed 2176K, reserved 1048576K
}
Event: 5211.215 GC heap before
{Heap before GC invocations=6 (full 0):
 garbage-first heap   total 258048K, used 152549K [0x0000000708a00000, 0x0000000800000000)
  region size 2048K, 74 young (151552K), 2 survivors (4096K)
 Metaspace       used 18172K, committed 18496K, reserved 1114112K
  class space    used 2023K, committed 2176K, reserved 1048576K
}
Event: 5211.218 GC heap after
{Heap after GC invocations=7 (full 0):
 garbage-first heap   total 258048K, used 5004K [0x0000000708a00000, 0x0000000800000000)
  region size 2048K, 2 young (4096K), 2 survivors (4096K)
 Metaspace       used 18172K, committed 18496K, reserved 1114112K
  class space    used 2023K, committed 2176K, reserved 1048576K
}
Event: 6133.266 GC heap before
{Heap before GC invocations=7 (full 0):
 garbage-first heap   total 258048K, used 152460K [0x0000000708a00000, 0x0000000800000000)
  region size 2048K, 74 young (151552K), 2 survivors (4096K)
 Metaspace       used 18174K, committed 18496K, reserved 1114112K
  class space    used 2023K, committed 2176K, reserved 1048576K
}
Event: 6133.268 GC heap after
{Heap after GC invocations=8 (full 0):
 garbage-first heap   total 258048K, used 5091K [0x0000000708a00000, 0x0000000800000000)
  region size 2048K, 2 young (4096K), 2 survivors (4096K)
 Metaspace       used 18174K, committed 18496K, reserved 1114112K
  class space    used 2023K, committed 2176K, reserved 1048576K
}
Event: 7063.291 GC heap before
{Heap before GC invocations=8 (full 0):
 garbage-first heap   total 258048K, used 152547K [0x0000000708a00000, 0x0000000800000000)
  region size 2048K, 74 young (151552K), 2 survivors (4096K)
 Metaspace       used 18177K, committed 18496K, reserved 1114112K
  class space    used 2023K, committed 2176K, reserved 1048576K
}
Event: 7063.295 GC heap after
{Heap after GC invocations=9 (full 0):
 garbage-first heap   total 258048K, used 4842K [0x0000000708a00000, 0x0000000800000000)
  region size 2048K, 2 young (4096K), 2 survivors (4096K)
 Metaspace       used 18177K, committed 18496K, reserved 1114112K
  class space    used 2023K, committed 2176K, reserved 1048576K
}
Event: 7990.561 GC heap before
{Heap before GC invocations=9 (full 0):
 garbage-first heap   total 258048K, used 152298K [0x0000000708a00000, 0x0000000800000000)
  region size 2048K, 74 young (151552K), 2 survivors (4096K)
 Metaspace       used 18182K, committed 18496K, reserved 1114112K
  class space    used 2023K, committed 2176K, reserved 1048576K
}
Event: 7990.564 GC heap after
{Heap after GC invocations=10 (full 0):
 garbage-first heap   total 258048K, used 4850K [0x0000000708a00000, 0x0000000800000000)
  region size 2048K, 2 young (4096K), 2 survivors (4096K)
 Metaspace       used 18182K, committed 18496K, reserved 1114112K
  class space    used 2023K, committed 2176K, reserved 1048576K
}
Event: 8920.351 GC heap before
{Heap before GC invocations=10 (full 0):
 garbage-first heap   total 258048K, used 152306K [0x0000000708a00000, 0x0000000800000000)
  region size 2048K, 74 young (151552K), 2 survivors (4096K)
 Metaspace       used 18182K, committed 18496K, reserved 1114112K
  class space    used 2023K, committed 2176K, reserved 1048576K
}
Event: 8920.354 GC heap after
{Heap after GC invocations=11 (full 0):
 garbage-first heap   total 258048K, used 5006K [0x0000000708a00000, 0x0000000800000000)
  region size 2048K, 2 young (4096K), 2 survivors (4096K)
 Metaspace       used 18182K, committed 18496K, reserved 1114112K
  class space    used 2023K, committed 2176K, reserved 1048576K
}
Event: 9851.381 GC heap before
{Heap before GC invocations=11 (full 0):
 garbage-first heap   total 258048K, used 152462K [0x0000000708a00000, 0x0000000800000000)
  region size 2048K, 74 young (151552K), 2 survivors (4096K)
 Metaspace       used 18185K, committed 18496K, reserved 1114112K
  class space    used 2023K, committed 2176K, reserved 1048576K
}
Event: 9851.384 GC heap after
{Heap after GC invocations=12 (full 0):
 garbage-first heap   total 258048K, used 4852K [0x0000000708a00000, 0x0000000800000000)
  region size 2048K, 2 young (4096K), 2 survivors (4096K)
 Metaspace       used 18185K, committed 18496K, reserved 1114112K
  class space    used 2023K, committed 2176K, reserved 1048576K
}
Event: 10783.416 GC heap before
{Heap before GC invocations=12 (full 0):
 garbage-first heap   total 258048K, used 152308K [0x0000000708a00000, 0x0000000800000000)
  region size 2048K, 74 young (151552K), 2 survivors (4096K)
 Metaspace       used 18185K, committed 18496K, reserved 1114112K
  class space    used 2023K, committed 2176K, reserved 1048576K
}
Event: 10783.420 GC heap after
{Heap after GC invocations=13 (full 0):
 garbage-first heap   total 258048K, used 4835K [0x0000000708a00000, 0x0000000800000000)
  region size 2048K, 2 young (4096K), 2 survivors (4096K)
 Metaspace       used 18185K, committed 18496K, reserved 1114112K
  class space    used 2023K, committed 2176K, reserved 1048576K
}
Event: 11710.440 GC heap before
{Heap before GC invocations=13 (full 0):
 garbage-first heap   total 258048K, used 152291K [0x0000000708a00000, 0x0000000800000000)
  region size 2048K, 74 young (151552K), 2 survivors (4096K)
 Metaspace       used 18191K, committed 18496K, reserved 1114112K
  class space    used 2023K, committed 2176K, reserved 1048576K
}
Event: 11710.443 GC heap after
{Heap after GC invocations=14 (full 0):
 garbage-first heap   total 258048K, used 4816K [0x0000000708a00000, 0x0000000800000000)
  region size 2048K, 2 young (4096K), 2 survivors (4096K)
 Metaspace       used 18191K, committed 18496K, reserved 1114112K
  class space    used 2023K, committed 2176K, reserved 1048576K
}
Event: 12609.795 GC heap before
{Heap before GC invocations=14 (full 0):
 garbage-first heap   total 258048K, used 152272K [0x0000000708a00000, 0x0000000800000000)
  region size 2048K, 74 young (151552K), 2 survivors (4096K)
 Metaspace       used 18267K, committed 18560K, reserved 1114112K
  class space    used 2023K, committed 2176K, reserved 1048576K
}
Event: 12609.799 GC heap after
{Heap after GC invocations=15 (full 0):
 garbage-first heap   total 258048K, used 5018K [0x0000000708a00000, 0x0000000800000000)
  region size 2048K, 2 young (4096K), 2 survivors (4096K)
 Metaspace       used 18267K, committed 18560K, reserved 1114112K
  class space    used 2023K, committed 2176K, reserved 1048576K
}

Deoptimization events (20 events):
Event: 12627.284 Thread 0x00007f1c984e1c60 Uncommon trap: trap_request=0xffffff45 fr.pc=0x00007f1c894498d4 relative=0x00000000000020b4
Event: 12627.284 Thread 0x00007f1c984e1c60 Uncommon trap: reason=unstable_if action=reinterpret pc=0x00007f1c894498d4 method=javax.swing.table.DefaultTableCellRenderer.getTableCellRendererComponent(Ljavax/swing/JTable;Ljava/lang/Object;ZZII)Ljava/awt/Component; @ 227 c2
Event: 12627.284 Thread 0x00007f1c984e1c60 DEOPT PACKING pc=0x00007f1c894498d4 sp=0x00007f1c68fe6f40
Event: 12627.284 Thread 0x00007f1c984e1c60 DEOPT UNPACKING pc=0x00007f1c88c50099 sp=0x00007f1c68fe6f58 mode 2
Event: 12688.039 Thread 0x00007f1c984e1c60 Uncommon trap: trap_request=0xffffffc6 fr.pc=0x00007f1c89547b58 relative=0x0000000000007498
Event: 12688.039 Thread 0x00007f1c984e1c60 Uncommon trap: reason=bimorphic_or_optimized_type_check action=maybe_recompile pc=0x00007f1c89547b58 method=javax.swing.JComponent._paintImmediately(IIII)V @ 88 c2
Event: 12688.039 Thread 0x00007f1c984e1c60 DEOPT PACKING pc=0x00007f1c89547b58 sp=0x00007f1c68fe73e0
Event: 12688.039 Thread 0x00007f1c984e1c60 DEOPT UNPACKING pc=0x00007f1c88c50099 sp=0x00007f1c68fe73c8 mode 2
Event: 12688.511 Thread 0x00007f1c984e1c60 Uncommon trap: trap_request=0xffffffc6 fr.pc=0x00007f1c89547b58 relative=0x0000000000007498
Event: 12688.511 Thread 0x00007f1c984e1c60 Uncommon trap: reason=bimorphic_or_optimized_type_check action=maybe_recompile pc=0x00007f1c89547b58 method=javax.swing.JComponent._paintImmediately(IIII)V @ 88 c2
Event: 12688.511 Thread 0x00007f1c984e1c60 DEOPT PACKING pc=0x00007f1c89547b58 sp=0x00007f1c68fe73e0
Event: 12688.511 Thread 0x00007f1c984e1c60 DEOPT UNPACKING pc=0x00007f1c88c50099 sp=0x00007f1c68fe73c8 mode 2
Event: 12688.511 Thread 0x00007f1c984e1c60 Uncommon trap: trap_request=0xffffffc6 fr.pc=0x00007f1c89547b58 relative=0x0000000000007498
Event: 12688.511 Thread 0x00007f1c984e1c60 Uncommon trap: reason=bimorphic_or_optimized_type_check action=maybe_recompile pc=0x00007f1c89547b58 method=javax.swing.JComponent._paintImmediately(IIII)V @ 88 c2
Event: 12688.511 Thread 0x00007f1c984e1c60 DEOPT PACKING pc=0x00007f1c89547b58 sp=0x00007f1c68fe73e0
Event: 12688.511 Thread 0x00007f1c984e1c60 DEOPT UNPACKING pc=0x00007f1c88c50099 sp=0x00007f1c68fe73c8 mode 2
Event: 12688.623 Thread 0x00007f1c984e1c60 Uncommon trap: trap_request=0xffffffc6 fr.pc=0x00007f1c89547b58 relative=0x0000000000007498
Event: 12688.623 Thread 0x00007f1c984e1c60 Uncommon trap: reason=bimorphic_or_optimized_type_check action=maybe_recompile pc=0x00007f1c89547b58 method=javax.swing.JComponent._paintImmediately(IIII)V @ 88 c2
Event: 12688.623 Thread 0x00007f1c984e1c60 DEOPT PACKING pc=0x00007f1c89547b58 sp=0x00007f1c68fe73e0
Event: 12688.623 Thread 0x00007f1c984e1c60 DEOPT UNPACKING pc=0x00007f1c88c50099 sp=0x00007f1c68fe73c8 mode 2

Classes unloaded (0 events):
No events

Classes redefined (0 events):
No events

Internal exceptions (20 events):
Event: 0.155 Thread 0x00007f1c98023df0 Exception <a 'java/lang/NoSuchMethodError'{0x0000000717f51318}: 'java.lang.Object java.lang.invoke.DirectMethodHandle$Holder.invokeStatic(java.lang.Object, int, java.lang.Object, java.lang.Object, java.lang.Object, java.lang.Object)'> (0x0000000717f51318) 
thrown [open/src/hotspot/share/interpreter/linkResolver.cpp, line 758]
Event: 0.158 Thread 0x00007f1c98023df0 Exception <a 'java/lang/NoSuchMethodError'{0x0000000717f76aa8}: 'java.lang.Object java.lang.invoke.DirectMethodHandle$Holder.invokeStatic(java.lang.Object, int, java.lang.Object)'> (0x0000000717f76aa8) 
thrown [open/src/hotspot/share/interpreter/linkResolver.cpp, line 758]
Event: 0.172 Thread 0x00007f1c98023df0 Exception <a 'java/lang/NoSuchMethodError'{0x0000000717c28da0}: 'void java.lang.invoke.DirectMethodHandle$Holder.invokeStatic(java.lang.Object, java.lang.Object)'> (0x0000000717c28da0) 
thrown [open/src/hotspot/share/interpreter/linkResolver.cpp, line 758]
Event: 0.180 Thread 0x00007f1c98023df0 Exception <a 'java/lang/ClassNotFoundException'{0x0000000717c5f258}: com/sun/swing/internal/plaf/metal/resources/spi/metalProvider> (0x0000000717c5f258) 
thrown [open/src/hotspot/share/classfile/systemDictionary.cpp, line 256]
Event: 0.181 Thread 0x00007f1c98023df0 Exception <a 'java/lang/ClassNotFoundException'{0x0000000717c630b0}: com/sun/swing/internal/plaf/basic/resources/spi/basicProvider> (0x0000000717c630b0) 
thrown [open/src/hotspot/share/classfile/systemDictionary.cpp, line 256]
Event: 0.268 Thread 0x00007f1c98023df0 Exception <a 'java/lang/NoSuchMethodError'{0x0000000717da1cb0}: 'void java.lang.invoke.DirectMethodHandle$Holder.invokeStaticInit(java.lang.Object)'> (0x0000000717da1cb0) 
thrown [open/src/hotspot/share/interpreter/linkResolver.cpp, line 758]
Event: 0.338 Thread 0x00007f1c9850ab30 Exception <a 'java/lang/NoSuchMethodError'{0x0000000717b40f00}: 'java.lang.Object java.lang.invoke.DirectMethodHandle$Holder.newInvokeSpecial(java.lang.Object, java.lang.Object, java.lang.Object, int, int, int, int, int)'> (0x0000000717b40f00) 
thrown [open/src/hotspot/share/interpreter/linkResolver.cpp, line 758]
Event: 38.061 Thread 0x00007f1c984e1c60 Exception <a 'java/lang/NoSuchMethodError'{0x00000007177cb5b8}: 'void java.lang.invoke.DirectMethodHandle$Holder.invokeStatic(java.lang.Object, java.lang.Object, java.lang.Object)'> (0x00000007177cb5b8) 
thrown [open/src/hotspot/share/interpreter/linkResolver.cpp, line 758]
Event: 38.150 Thread 0x00007f1c984e1c60 Exception <a 'java/lang/NoSuchMethodError'{0x00000007174cb5f8}: 'int java.lang.invoke.DirectMethodHandle$Holder.invokeStatic(java.lang.Object)'> (0x00000007174cb5f8) 
thrown [open/src/hotspot/share/interpreter/linkResolver.cpp, line 758]
Event: 60.199 Thread 0x00007f1c9834f8d0 Exception <a 'java/lang/ClassNotFoundException'{0x0000000717e8ffe8}: com/sun/org/apache/xml/internal/serializer/spi/XMLEntitiesProvider> (0x0000000717e8ffe8) 
thrown [open/src/hotspot/share/classfile/systemDictionary.cpp, line 256]
Event: 60.229 Thread 0x00007f1c9834f8d0 Exception <a 'java/lang/NoSuchMethodError'{0x0000000717c14fd8}: 'java.lang.Object java.lang.invoke.DirectMethodHandle$Holder.invokeSpecial(java.lang.Object, java.lang.Object, int, java.lang.Object, int)'> (0x0000000717c14fd8) 
thrown [open/src/hotspot/share/interpreter/linkResolver.cpp, line 758]
Event: 569.403 Thread 0x00007f1c984e1c60 Implicit null exception at 0x00007f1c892f68e0 to 0x00007f1c892f7710
Event: 570.284 Thread 0x00007f1c984e1c60 Implicit null exception at 0x00007f1c89330c4f to 0x00007f1c893314f8
Event: 934.026 Thread 0x00007f1c984e1c60 Implicit null exception at 0x00007f1c89350fce to 0x00007f1c89356810
Event: 934.027 Thread 0x00007f1c984e1c60 Implicit null exception at 0x00007f1c892577ac to 0x00007f1c8925817c
Event: 934.028 Thread 0x00007f1c984e1c60 Implicit null exception at 0x00007f1c89253d4d to 0x00007f1c89256aa4
Event: 934.029 Thread 0x00007f1c984e1c60 Implicit null exception at 0x00007f1c893e2330 to 0x00007f1c893e4cd8
Event: 12522.252 Thread 0x00007f1c984e1c60 Implicit null exception at 0x00007f1c89300c65 to 0x00007f1c893023bc
Event: 12522.253 Thread 0x00007f1c984e1c60 Implicit null exception at 0x00007f1c892e6240 to 0x00007f1c892e825c
Event: 12546.376 Thread 0x00007f1c98521f30 Implicit null exception at 0x00007f1c895d2e80 to 0x00007f1c895d3e50

VM Operations (20 events):
Event: 12640.802 Executing VM operation: Cleanup
Event: 12640.802 Executing VM operation: Cleanup done
Event: 12641.802 Executing VM operation: Cleanup
Event: 12641.802 Executing VM operation: Cleanup done
Event: 12644.802 Executing VM operation: Cleanup
Event: 12644.802 Executing VM operation: Cleanup done
Event: 12649.803 Executing VM operation: Cleanup
Event: 12649.803 Executing VM operation: Cleanup done
Event: 12652.803 Executing VM operation: Cleanup
Event: 12652.803 Executing VM operation: Cleanup done
Event: 12686.806 Executing VM operation: Cleanup
Event: 12686.806 Executing VM operation: Cleanup done
Event: 12687.806 Executing VM operation: Cleanup
Event: 12687.806 Executing VM operation: Cleanup done
Event: 12688.807 Executing VM operation: Cleanup
Event: 12688.807 Executing VM operation: Cleanup done
Event: 12689.807 Executing VM operation: Cleanup
Event: 12689.807 Executing VM operation: Cleanup done
Event: 12692.807 Executing VM operation: Cleanup
Event: 12692.807 Executing VM operation: Cleanup done

Events (20 events):
Event: 12553.230 Thread 0x00007f1bcc05b280 Thread added: 0x00007f1bcc05b280
Event: 12553.230 Protecting memory [0x00007f1c68ae9000,0x00007f1c68aed000] with protection modes 0
Event: 12593.248 Thread 0x00007f1bcc05b280 Thread exited: 0x00007f1bcc05b280
Event: 12593.249 Thread 0x00007f1bd815f0d0 Thread exited: 0x00007f1bd815f0d0
Event: 12596.007 Thread 0x00007f1bd815f0d0 Thread added: 0x00007f1bd815f0d0
Event: 12596.007 Protecting memory [0x00007f1c68ce9000,0x00007f1c68ced000] with protection modes 0
Event: 12596.008 Thread 0x00007f1bd815fe70 Thread added: 0x00007f1bd815fe70
Event: 12596.008 Protecting memory [0x00007f1c68ae9000,0x00007f1c68aed000] with protection modes 0
Event: 12596.009 Thread 0x00007f1bd815f0d0 Thread exited: 0x00007f1bd815f0d0
Event: 12596.010 Thread 0x00007f1bd81603f0 Thread added: 0x00007f1bd81603f0
Event: 12596.010 Thread 0x00007f1bd815fe70 Thread exited: 0x00007f1bd815fe70
Event: 12596.010 Protecting memory [0x00007f1c68ce9000,0x00007f1c68ced000] with protection modes 0
Event: 12596.012 Thread 0x00007f1bd81603f0 Thread exited: 0x00007f1bd81603f0
Event: 12596.019 Thread 0x00007f1bd815f0d0 Thread added: 0x00007f1bd815f0d0
Event: 12596.019 Protecting memory [0x00007f1c68ce9000,0x00007f1c68ced000] with protection modes 0
Event: 12596.021 Thread 0x00007f1bd815f0d0 Thread exited: 0x00007f1bd815f0d0
Event: 12598.586 Thread 0x00007f1bd815f0d0 Thread added: 0x00007f1bd815f0d0
Event: 12598.586 Protecting memory [0x00007f1c68ce9000,0x00007f1c68ced000] with protection modes 0
Event: 12598.587 Thread 0x00007f1bcc05b280 Thread added: 0x00007f1bcc05b280
Event: 12598.587 Protecting memory [0x00007f1c68ae9000,0x00007f1c68aed000] with protection modes 0


Dynamic libraries:
708a00000-718200000 rw-p 00000000 00:00 0 
718200000-7ffc00000 ---p 00000000 00:00 0 
7ffc00000-7ffd00000 rw-p 00000000 00:00 0 
7ffd00000-7ffd77000 rw-p 00caa000 08:04 22294579                         /usr/lib/jvm/jdk-17-oracle-x64/lib/server/classes.jsa
7ffd77000-7ffe00000 rw-p 00000000 00:00 0 
7ffe00000-7ffe84000 rw-p 00c26000 08:04 22294579                         /usr/lib/jvm/jdk-17-oracle-x64/lib/server/classes.jsa
7ffe84000-800000000 rw-p 00000000 00:00 0 
561b9cf3f000-561b9cf40000 r-xp 00000000 08:04 22284722                   /usr/lib/jvm/jdk-17-oracle-x64/bin/java
561b9cf41000-561b9cf42000 r--p 00001000 08:04 22284722                   /usr/lib/jvm/jdk-17-oracle-x64/bin/java
561b9cf42000-561b9cf43000 rw-p 00002000 08:04 22284722                   /usr/lib/jvm/jdk-17-oracle-x64/bin/java
561b9e5c5000-561b9e5e6000 rw-p 00000000 00:00 0                          [heap]
7f1bac000000-7f1bac021000 rw-p 00000000 00:00 0 
7f1bac021000-7f1bb0000000 ---p 00000000 00:00 0 
7f1bb4000000-7f1bb4021000 rw-p 00000000 00:00 0 
7f1bb4021000-7f1bb8000000 ---p 00000000 00:00 0 
7f1bb8000000-7f1bb8021000 rw-p 00000000 00:00 0 
7f1bb8021000-7f1bbc000000 ---p 00000000 00:00 0 
7f1bbc000000-7f1bbc021000 rw-p 00000000 00:00 0 
7f1bbc021000-7f1bc0000000 ---p 00000000 00:00 0 
7f1bc0000000-7f1bc0021000 rw-p 00000000 00:00 0 
7f1bc0021000-7f1bc4000000 ---p 00000000 00:00 0 
7f1bc4000000-7f1bc4021000 rw-p 00000000 00:00 0 
7f1bc4021000-7f1bc8000000 ---p 00000000 00:00 0 
7f1bc8000000-7f1bc8021000 rw-p 00000000 00:00 0 
7f1bc8021000-7f1bcc000000 ---p 00000000 00:00 0 
7f1bcc000000-7f1bcd16b000 rw-p 00000000 00:00 0 
7f1bcd16b000-7f1bd0000000 ---p 00000000 00:00 0 
7f1bd0000000-7f1bd014a000 rw-p 00000000 00:00 0 
7f1bd014a000-7f1bd4000000 ---p 00000000 00:00 0 
7f1bd4000000-7f1bd4021000 rw-p 00000000 00:00 0 
7f1bd4021000-7f1bd8000000 ---p 00000000 00:00 0 
7f1bd8000000-7f1bd81e5000 rw-p 00000000 00:00 0 
7f1bd81e5000-7f1bdc000000 ---p 00000000 00:00 0 
7f1bdc000000-7f1bdc021000 rw-p 00000000 00:00 0 
7f1bdc021000-7f1be0000000 ---p 00000000 00:00 0 
7f1be0000000-7f1be00bb000 rw-p 00000000 00:00 0 
7f1be00bb000-7f1be4000000 ---p 00000000 00:00 0 
7f1be4000000-7f1be4021000 rw-p 00000000 00:00 0 
7f1be4021000-7f1be8000000 ---p 00000000 00:00 0 
7f1be8000000-7f1be8021000 rw-p 00000000 00:00 0 
7f1be8021000-7f1bec000000 ---p 00000000 00:00 0 
7f1bec000000-7f1bec021000 rw-p 00000000 00:00 0 
7f1bec021000-7f1bf0000000 ---p 00000000 00:00 0 
7f1bf0000000-7f1bf0021000 rw-p 00000000 00:00 0 
7f1bf0021000-7f1bf4000000 ---p 00000000 00:00 0 
7f1bf4000000-7f1bf5316000 rw-p 00000000 00:00 0 
7f1bf5316000-7f1bf8000000 ---p 00000000 00:00 0 
7f1bf8000000-7f1bf8021000 rw-p 00000000 00:00 0 
7f1bf8021000-7f1bfc000000 ---p 00000000 00:00 0 
7f1bfc000000-7f1bfc021000 rw-p 00000000 00:00 0 
7f1bfc021000-7f1c00000000 ---p 00000000 00:00 0 
7f1c00000000-7f1c026be000 rw-p 00000000 00:00 0 
7f1c026be000-7f1c04000000 ---p 00000000 00:00 0 
7f1c04000000-7f1c04021000 rw-p 00000000 00:00 0 
7f1c04021000-7f1c08000000 ---p 00000000 00:00 0 
7f1c08000000-7f1c08021000 rw-p 00000000 00:00 0 
7f1c08021000-7f1c0c000000 ---p 00000000 00:00 0 
7f1c0c000000-7f1c0c021000 rw-p 00000000 00:00 0 
7f1c0c021000-7f1c10000000 ---p 00000000 00:00 0 
7f1c10000000-7f1c10021000 rw-p 00000000 00:00 0 
7f1c10021000-7f1c14000000 ---p 00000000 00:00 0 
7f1c14000000-7f1c14021000 rw-p 00000000 00:00 0 
7f1c14021000-7f1c18000000 ---p 00000000 00:00 0 
7f1c1b000000-7f1c1bbed000 rw-p 00001000 08:04 22294579                   /usr/lib/jvm/jdk-17-oracle-x64/lib/server/classes.jsa
7f1c1bbed000-7f1c1c000000 ---p 00000000 00:00 0 
7f1c1c000000-7f1c1c040000 rw-p 00000000 00:00 0 
7f1c1c040000-7f1c1c0c0000 rw-p 00000000 00:00 0 
7f1c1c0c0000-7f1c1c0e0000 rw-p 00000000 00:00 0 
7f1c1c0e0000-7f1c1c140000 rw-p 00000000 00:00 0 
7f1c1c140000-7f1c1c160000 rw-p 00000000 00:00 0 
7f1c1c160000-7f1c1c1a0000 rw-p 00000000 00:00 0 
7f1c1c1a0000-7f1c1c1c0000 rw-p 00000000 00:00 0 
7f1c1c1c0000-7f1c1c210000 rw-p 00000000 00:00 0 
7f1c1c210000-7f1c1c240000 ---p 00000000 00:00 0 
7f1c1c240000-7f1c1c250000 rw-p 00000000 00:00 0 
7f1c1c250000-7f1c5c000000 ---p 00000000 00:00 0 
7f1c5c000000-7f1c5c021000 rw-p 00000000 00:00 0 
7f1c5c021000-7f1c60000000 ---p 00000000 00:00 0 
7f1c60000000-7f1c60400000 rw-p 00000000 00:00 0 
7f1c60400000-7f1c60460000 rw-p 00000000 00:00 0 
7f1c60460000-7f1c60480000 rw-p 00000000 00:00 0 
7f1c60480000-7f1c60500000 rw-p 00000000 00:00 0 
7f1c60500000-7f1c60700000 rw-p 00000000 00:00 0 
7f1c60700000-7f1c60740000 rw-p 00000000 00:00 0 
7f1c60740000-7f1c60780000 rw-p 00000000 00:00 0 
7f1c60780000-7f1c60900000 rw-p 00000000 00:00 0 
7f1c60900000-7f1c60920000 rw-p 00000000 00:00 0 
7f1c60920000-7f1c60940000 rw-p 00000000 00:00 0 
7f1c60940000-7f1c60980000 rw-p 00000000 00:00 0 
7f1c60980000-7f1c60b00000 rw-p 00000000 00:00 0 
7f1c60b00000-7f1c60b20000 rw-p 00000000 00:00 0 
7f1c60b20000-7f1c60b40000 rw-p 00000000 00:00 0 
7f1c60b40000-7f1c60b80000 rw-p 00000000 00:00 0 
7f1c60b80000-7f1c60d00000 rw-p 00000000 00:00 0 
7f1c60d00000-7f1c60d20000 rw-p 00000000 00:00 0 
7f1c60d20000-7f1c60d40000 rw-p 00000000 00:00 0 
7f1c60d40000-7f1c60d80000 rw-p 00000000 00:00 0 
7f1c60d80000-7f1c60e40000 rw-p 00000000 00:00 0 
7f1c60e40000-7f1c60e80000 rw-p 00000000 00:00 0 
7f1c60e80000-7f1c60f00000 rw-p 00000000 00:00 0 
7f1c60f00000-7f1c61000000 rw-p 00000000 00:00 0 
7f1c61000000-7f1c64000000 ---p 00000000 00:00 0 
7f1c64000000-7f1c64021000 rw-p 00000000 00:00 0 
7f1c64021000-7f1c68000000 ---p 00000000 00:00 0 
7f1c685e4000-7f1c685e5000 ---p 00000000 00:00 0 
7f1c685e5000-7f1c686e5000 rw-p 00000000 00:00 0 
7f1c686e5000-7f1c686e6000 ---p 00000000 00:00 0 
7f1c686e6000-7f1c687e6000 rw-p 00000000 00:00 0 
7f1c687e6000-7f1c687e7000 ---p 00000000 00:00 0 
7f1c687e7000-7f1c688e7000 rw-p 00000000 00:00 0 
7f1c688e7000-7f1c688e8000 ---p 00000000 00:00 0 
7f1c688e8000-7f1c689e8000 rw-p 00000000 00:00 0 
7f1c689e8000-7f1c689e9000 ---p 00000000 00:00 0 
7f1c689e9000-7f1c68ae9000 rw-p 00000000 00:00 0 
7f1c68ae9000-7f1c68aed000 ---p 00000000 00:00 0 
7f1c68aed000-7f1c68be9000 rw-p 00000000 00:00 0 
7f1c68be9000-7f1c68bed000 ---p 00000000 00:00 0 
7f1c68bed000-7f1c68ce9000 rw-p 00000000 00:00 0 
7f1c68ce9000-7f1c68ced000 ---p 00000000 00:00 0 
7f1c68ced000-7f1c68de9000 rw-p 00000000 00:00 0 
7f1c68de9000-7f1c68ded000 ---p 00000000 00:00 0 
7f1c68ded000-7f1c68ee9000 rw-p 00000000 00:00 0 
7f1c68ee9000-7f1c68eed000 ---p 00000000 00:00 0 
7f1c68eed000-7f1c68fe9000 rw-p 00000000 00:00 0 
7f1c6909f000-7f1c690a3000 ---p 00000000 00:00 0 
7f1c690a3000-7f1c69299000 rw-p 00000000 00:00 0 
7f1c69299000-7f1c692c2000 r--p 00000000 08:04 31225336                   /home/ru/clips/VRShoreView/clips/libCLIPSJNI.so
7f1c692c2000-7f1c6939c000 r-xp 00029000 08:04 31225336                   /home/ru/clips/VRShoreView/clips/libCLIPSJNI.so
7f1c6939c000-7f1c693d3000 r--p 00103000 08:04 31225336                   /home/ru/clips/VRShoreView/clips/libCLIPSJNI.so
7f1c693d3000-7f1c693d5000 r--p 00139000 08:04 31225336                   /home/ru/clips/VRShoreView/clips/libCLIPSJNI.so
7f1c693d5000-7f1c693d8000 rw-p 0013b000 08:04 31225336                   /home/ru/clips/VRShoreView/clips/libCLIPSJNI.so
7f1c693d8000-7f1c693dc000 ---p 00000000 00:00 0 
7f1c693dc000-7f1c694d8000 rw-p 00000000 00:00 0 
7f1c694d8000-7f1c694dc000 ---p 00000000 00:00 0 
7f1c694dc000-7f1c695d8000 rw-p 00000000 00:00 0 
7f1c695d8000-7f1c695da000 r--p 00000000 08:04 22289450                   /usr/lib/x86_64-linux-gnu/libXfixes.so.3.1.0
7f1c695da000-7f1c695dd000 r-xp 00002000 08:04 22289450                   /usr/lib/x86_64-linux-gnu/libXfixes.so.3.1.0
7f1c695dd000-7f1c695de000 r--p 00005000 08:04 22289450                   /usr/lib/x86_64-linux-gnu/libXfixes.so.3.1.0
7f1c695de000-7f1c695df000 r--p 00006000 08:04 22289450                   /usr/lib/x86_64-linux-gnu/libXfixes.so.3.1.0
7f1c695df000-7f1c695e0000 rw-p 00007000 08:04 22289450                   /usr/lib/x86_64-linux-gnu/libXfixes.so.3.1.0
7f1c695e0000-7f1c695e2000 r--p 00000000 08:04 22289455                   /usr/lib/x86_64-linux-gnu/libXcursor.so.1.0.2
7f1c695e2000-7f1c695e8000 r-xp 00002000 08:04 22289455                   /usr/lib/x86_64-linux-gnu/libXcursor.so.1.0.2
7f1c695e8000-7f1c695ea000 r--p 00008000 08:04 22289455                   /usr/lib/x86_64-linux-gnu/libXcursor.so.1.0.2
7f1c695ea000-7f1c695eb000 r--p 00009000 08:04 22289455                   /usr/lib/x86_64-linux-gnu/libXcursor.so.1.0.2
7f1c695eb000-7f1c695ec000 rw-p 0000a000 08:04 22289455                   /usr/lib/x86_64-linux-gnu/libXcursor.so.1.0.2
7f1c695ec000-7f1c695f0000 ---p 00000000 00:00 0 
7f1c695f0000-7f1c696ec000 rw-p 00000000 00:00 0 
7f1c696ec000-7f1c696ed000 r--p 00000000 08:04 22289351                   /usr/lib/x86_64-linux-gnu/libbrotlicommon.so.1.0.9
7f1c696ed000-7f1c696ee000 r-xp 00001000 08:04 22289351                   /usr/lib/x86_64-linux-gnu/libbrotlicommon.so.1.0.9
7f1c696ee000-7f1c6970d000 r--p 00002000 08:04 22289351                   /usr/lib/x86_64-linux-gnu/libbrotlicommon.so.1.0.9
7f1c6970d000-7f1c6970e000 r--p 00020000 08:04 22289351                   /usr/lib/x86_64-linux-gnu/libbrotlicommon.so.1.0.9
7f1c6970e000-7f1c6970f000 rw-p 00021000 08:04 22289351                   /usr/lib/x86_64-linux-gnu/libbrotlicommon.so.1.0.9
7f1c6970f000-7f1c69710000 r--p 00000000 08:04 22289352                   /usr/lib/x86_64-linux-gnu/libbrotlidec.so.1.0.9
7f1c69710000-7f1c69718000 r-xp 00001000 08:04 22289352                   /usr/lib/x86_64-linux-gnu/libbrotlidec.so.1.0.9
7f1c69718000-7f1c6971b000 r--p 00009000 08:04 22289352                   /usr/lib/x86_64-linux-gnu/libbrotlidec.so.1.0.9
7f1c6971b000-7f1c6971c000 r--p 0000b000 08:04 22289352                   /usr/lib/x86_64-linux-gnu/libbrotlidec.so.1.0.9
7f1c6971c000-7f1c6971d000 rw-p 0000c000 08:04 22289352                   /usr/lib/x86_64-linux-gnu/libbrotlidec.so.1.0.9
7f1c6971d000-7f1c69722000 r--p 00000000 08:04 22283816                   /usr/lib/x86_64-linux-gnu/libpng16.so.16.37.0
7f1c69722000-7f1c6974b000 r-xp 00005000 08:04 22283816                   /usr/lib/x86_64-linux-gnu/libpng16.so.16.37.0
7f1c6974b000-7f1c69756000 r--p 0002e000 08:04 22283816                   /usr/lib/x86_64-linux-gnu/libpng16.so.16.37.0
7f1c69756000-7f1c69757000 r--p 00038000 08:04 22283816                   /usr/lib/x86_64-linux-gnu/libpng16.so.16.37.0
7f1c69757000-7f1c69758000 rw-p 00039000 08:04 22283816                   /usr/lib/x86_64-linux-gnu/libpng16.so.16.37.0
7f1c69758000-7f1c69765000 r--p 00000000 08:04 22283749                   /usr/lib/x86_64-linux-gnu/libfreetype.so.6.18.1
7f1c69765000-7f1c697ee000 r-xp 0000d000 08:04 22283749                   /usr/lib/x86_64-linux-gnu/libfreetype.so.6.18.1
7f1c697ee000-7f1c69817000 r--p 00096000 08:04 22283749                   /usr/lib/x86_64-linux-gnu/libfreetype.so.6.18.1
7f1c69817000-7f1c69818000 ---p 000bf000 08:04 22283749                   /usr/lib/x86_64-linux-gnu/libfreetype.so.6.18.1
7f1c69818000-7f1c6981f000 r--p 000bf000 08:04 22283749                   /usr/lib/x86_64-linux-gnu/libfreetype.so.6.18.1
7f1c6981f000-7f1c69820000 rw-p 000c6000 08:04 22283749                   /usr/lib/x86_64-linux-gnu/libfreetype.so.6.18.1
7f1c69820000-7f1c69a70000 r-xp 00000000 08:04 22294542                   /usr/lib/jvm/jdk-17-oracle-x64/lib/libfontmanager.so
7f1c69a70000-7f1c69a72000 r--p 0024f000 08:04 22294542                   /usr/lib/jvm/jdk-17-oracle-x64/lib/libfontmanager.so
7f1c69a72000-7f1c69a73000 rw-p 00251000 08:04 22294542                   /usr/lib/jvm/jdk-17-oracle-x64/lib/libfontmanager.so
7f1c69a73000-7f1c69a74000 rw-p 00000000 00:00 0 
7f1c69a74000-7f1c69a76000 r--p 00000000 08:04 22287748                   /usr/lib/x86_64-linux-gnu/libmd.so.0.0.5
7f1c69a76000-7f1c69a7d000 r-xp 00002000 08:04 22287748                   /usr/lib/x86_64-linux-gnu/libmd.so.0.0.5
7f1c69a7d000-7f1c69a7f000 r--p 00009000 08:04 22287748                   /usr/lib/x86_64-linux-gnu/libmd.so.0.0.5
7f1c69a7f000-7f1c69a80000 r--p 0000a000 08:04 22287748                   /usr/lib/x86_64-linux-gnu/libmd.so.0.0.5
7f1c69a80000-7f1c69a81000 rw-p 0000b000 08:04 22287748                   /usr/lib/x86_64-linux-gnu/libmd.so.0.0.5
7f1c69a81000-7f1c69a85000 r--p 00000000 08:04 22287750                   /usr/lib/x86_64-linux-gnu/libbsd.so.0.11.5
7f1c69a85000-7f1c69a92000 r-xp 00004000 08:04 22287750                   /usr/lib/x86_64-linux-gnu/libbsd.so.0.11.5
7f1c69a92000-7f1c69a95000 r--p 00011000 08:04 22287750                   /usr/lib/x86_64-linux-gnu/libbsd.so.0.11.5
7f1c69a95000-7f1c69a96000 ---p 00014000 08:04 22287750                   /usr/lib/x86_64-linux-gnu/libbsd.so.0.11.5
7f1c69a96000-7f1c69a97000 r--p 00014000 08:04 22287750                   /usr/lib/x86_64-linux-gnu/libbsd.so.0.11.5
7f1c69a97000-7f1c69a98000 rw-p 00015000 08:04 22287750                   /usr/lib/x86_64-linux-gnu/libbsd.so.0.11.5
7f1c69a98000-7f1c69a99000 rw-p 00000000 00:00 0 
7f1c69a99000-7f1c69a9b000 r--p 00000000 08:04 22289337                   /usr/lib/x86_64-linux-gnu/libXdmcp.so.6.0.0
7f1c69a9b000-7f1c69a9d000 r-xp 00002000 08:04 22289337                   /usr/lib/x86_64-linux-gnu/libXdmcp.so.6.0.0
7f1c69a9d000-7f1c69a9f000 r--p 00004000 08:04 22289337                   /usr/lib/x86_64-linux-gnu/libXdmcp.so.6.0.0
7f1c69a9f000-7f1c69aa0000 r--p 00005000 08:04 22289337                   /usr/lib/x86_64-linux-gnu/libXdmcp.so.6.0.0
7f1c69aa0000-7f1c69aa1000 rw-p 00006000 08:04 22289337                   /usr/lib/x86_64-linux-gnu/libXdmcp.so.6.0.0
7f1c69aa1000-7f1c69aac000 r--p 00000000 08:04 22289342                   /usr/lib/x86_64-linux-gnu/libxcb.so.1.1.0
7f1c69aac000-7f1c69ac0000 r-xp 0000b000 08:04 22289342                   /usr/lib/x86_64-linux-gnu/libxcb.so.1.1.0
7f1c69ac0000-7f1c69ac9000 r--p 0001f000 08:04 22289342                   /usr/lib/x86_64-linux-gnu/libxcb.so.1.1.0
7f1c69ac9000-7f1c69aca000 r--p 00027000 08:04 22289342                   /usr/lib/x86_64-linux-gnu/libxcb.so.1.1.0
7f1c69aca000-7f1c69acb000 rw-p 00028000 08:04 22289342                   /usr/lib/x86_64-linux-gnu/libxcb.so.1.1.0
7f1c69acb000-7f1c69ae4000 r--p 00000000 08:04 22285672                   /usr/lib/x86_64-linux-gnu/libX11.so.6.4.0
7f1c69ae4000-7f1c69b70000 r-xp 00019000 08:04 22285672                   /usr/lib/x86_64-linux-gnu/libX11.so.6.4.0
7f1c69b70000-7f1c69c05000 r--p 000a5000 08:04 22285672                   /usr/lib/x86_64-linux-gnu/libX11.so.6.4.0
7f1c69c05000-7f1c69c06000 ---p 0013a000 08:04 22285672                   /usr/lib/x86_64-linux-gnu/libX11.so.6.4.0
7f1c69c06000-7f1c69c07000 r--p 0013a000 08:04 22285672                   /usr/lib/x86_64-linux-gnu/libX11.so.6.4.0
7f1c69c07000-7f1c69c0b000 rw-p 0013b000 08:04 22285672                   /usr/lib/x86_64-linux-gnu/libX11.so.6.4.0
7f1c69c0b000-7f1c69ccc000 r-xp 00000000 08:04 22294537                   /usr/lib/jvm/jdk-17-oracle-x64/lib/libawt.so
7f1c69ccc000-7f1c69ccd000 ---p 000c1000 08:04 22294537                   /usr/lib/jvm/jdk-17-oracle-x64/lib/libawt.so
7f1c69ccd000-7f1c69ccf000 r--p 000c1000 08:04 22294537                   /usr/lib/jvm/jdk-17-oracle-x64/lib/libawt.so
7f1c69ccf000-7f1c69cda000 rw-p 000c3000 08:04 22294537                   /usr/lib/jvm/jdk-17-oracle-x64/lib/libawt.so
7f1c69cda000-7f1c69cff000 rw-p 00000000 00:00 0 
7f1c69cff000-7f1c69d03000 ---p 00000000 00:00 0 
7f1c69d03000-7f1c69dff000 rw-p 00000000 00:00 0 
7f1c69dff000-7f1c69e00000 ---p 00000000 00:00 0 
7f1c69e00000-7f1c69f00000 rw-p 00000000 00:00 0 
7f1c69f00000-7f1c69f04000 ---p 00000000 00:00 0 
7f1c69f04000-7f1c6c000000 rw-p 00000000 00:00 0 
7f1c6c000000-7f1c6c021000 rw-p 00000000 00:00 0 
7f1c6c021000-7f1c70000000 ---p 00000000 00:00 0 
7f1c70000000-7f1c70021000 rw-p 00000000 00:00 0 
7f1c70021000-7f1c74000000 ---p 00000000 00:00 0 
7f1c74000000-7f1c74021000 rw-p 00000000 00:00 0 
7f1c74021000-7f1c78000000 ---p 00000000 00:00 0 
7f1c78000000-7f1c78001000 r--p 00000000 08:04 22289521                   /usr/lib/x86_64-linux-gnu/libXinerama.so.1.0.0
7f1c78001000-7f1c78002000 r-xp 00001000 08:04 22289521                   /usr/lib/x86_64-linux-gnu/libXinerama.so.1.0.0
7f1c78002000-7f1c78003000 r--p 00002000 08:04 22289521                   /usr/lib/x86_64-linux-gnu/libXinerama.so.1.0.0
7f1c78003000-7f1c78004000 r--p 00003000 08:04 22289521                   /usr/lib/x86_64-linux-gnu/libXinerama.so.1.0.0
7f1c78004000-7f1c78005000 rw-p 00004000 08:04 22289521                   /usr/lib/x86_64-linux-gnu/libXinerama.so.1.0.0
7f1c78005000-7f1c78006000 r--p 00000000 08:04 22287254                   /usr/lib/x86_64-linux-gnu/libXau.so.6.0.0
7f1c78006000-7f1c78008000 r-xp 00001000 08:04 22287254                   /usr/lib/x86_64-linux-gnu/libXau.so.6.0.0
7f1c78008000-7f1c78009000 r--p 00003000 08:04 22287254                   /usr/lib/x86_64-linux-gnu/libXau.so.6.0.0
7f1c78009000-7f1c7800a000 r--p 00003000 08:04 22287254                   /usr/lib/x86_64-linux-gnu/libXau.so.6.0.0
7f1c7800a000-7f1c7800b000 rw-p 00004000 08:04 22287254                   /usr/lib/x86_64-linux-gnu/libXau.so.6.0.0
7f1c7800b000-7f1c7800e000 r--p 00000000 08:04 22289519                   /usr/lib/x86_64-linux-gnu/libXi.so.6.1.0
7f1c7800e000-7f1c7801a000 r-xp 00003000 08:04 22289519                   /usr/lib/x86_64-linux-gnu/libXi.so.6.1.0
7f1c7801a000-7f1c7801d000 r--p 0000f000 08:04 22289519                   /usr/lib/x86_64-linux-gnu/libXi.so.6.1.0
7f1c7801d000-7f1c7801e000 r--p 00011000 08:04 22289519                   /usr/lib/x86_64-linux-gnu/libXi.so.6.1.0
7f1c7801e000-7f1c7801f000 rw-p 00012000 08:04 22289519                   /usr/lib/x86_64-linux-gnu/libXi.so.6.1.0
7f1c7801f000-7f1c78021000 r--p 00000000 08:04 22287863                   /usr/lib/x86_64-linux-gnu/libXtst.so.6.1.0
7f1c78021000-7f1c78024000 r-xp 00002000 08:04 22287863                   /usr/lib/x86_64-linux-gnu/libXtst.so.6.1.0
7f1c78024000-7f1c78025000 r--p 00005000 08:04 22287863                   /usr/lib/x86_64-linux-gnu/libXtst.so.6.1.0
7f1c78025000-7f1c78026000 r--p 00005000 08:04 22287863                   /usr/lib/x86_64-linux-gnu/libXtst.so.6.1.0
7f1c78026000-7f1c78027000 rw-p 00006000 08:04 22287863                   /usr/lib/x86_64-linux-gnu/libXtst.so.6.1.0
7f1c78027000-7f1c78029000 r--p 00000000 08:04 22289452                   /usr/lib/x86_64-linux-gnu/libXrender.so.1.3.0
7f1c78029000-7f1c78030000 r-xp 00002000 08:04 22289452                   /usr/lib/x86_64-linux-gnu/libXrender.so.1.3.0
7f1c78030000-7f1c78032000 r--p 00009000 08:04 22289452                   /usr/lib/x86_64-linux-gnu/libXrender.so.1.3.0
7f1c78032000-7f1c78033000 r--p 0000a000 08:04 22289452                   /usr/lib/x86_64-linux-gnu/libXrender.so.1.3.0
7f1c78033000-7f1c78034000 rw-p 0000b000 08:04 22289452                   /usr/lib/x86_64-linux-gnu/libXrender.so.1.3.0
7f1c78034000-7f1c78038000 r--p 00000000 08:04 22289344                   /usr/lib/x86_64-linux-gnu/libXext.so.6.4.0
7f1c78038000-7f1c78043000 r-xp 00004000 08:04 22289344                   /usr/lib/x86_64-linux-gnu/libXext.so.6.4.0
7f1c78043000-7f1c78047000 r--p 0000f000 08:04 22289344                   /usr/lib/x86_64-linux-gnu/libXext.so.6.4.0
7f1c78047000-7f1c78048000 r--p 00012000 08:04 22289344                   /usr/lib/x86_64-linux-gnu/libXext.so.6.4.0
7f1c78048000-7f1c78049000 rw-p 00013000 08:04 22289344                   /usr/lib/x86_64-linux-gnu/libXext.so.6.4.0
7f1c78049000-7f1c780a5000 r-xp 00000000 08:04 22294539                   /usr/lib/jvm/jdk-17-oracle-x64/lib/libawt_xawt.so
7f1c780a5000-7f1c780a6000 ---p 0005c000 08:04 22294539                   /usr/lib/jvm/jdk-17-oracle-x64/lib/libawt_xawt.so
7f1c780a6000-7f1c780a7000 r--p 0005c000 08:04 22294539                   /usr/lib/jvm/jdk-17-oracle-x64/lib/libawt_xawt.so
7f1c780a7000-7f1c780a9000 rw-p 0005d000 08:04 22294539                   /usr/lib/jvm/jdk-17-oracle-x64/lib/libawt_xawt.so
7f1c780a9000-7f1c780ab000 rw-p 00000000 00:00 0 
7f1c780ab000-7f1c780af000 ---p 00000000 00:00 0 
7f1c780af000-7f1c781ab000 rw-p 00000000 00:00 0 
7f1c781ab000-7f1c781af000 ---p 00000000 00:00 0 
7f1c781af000-7f1c782ab000 rw-p 00000000 00:00 0 
7f1c782ab000-7f1c782af000 ---p 00000000 00:00 0 
7f1c782af000-7f1c783ab000 rw-p 00000000 00:00 0 
7f1c783ab000-7f1c783af000 ---p 00000000 00:00 0 
7f1c783af000-7f1c784ab000 rw-p 00000000 00:00 0 
7f1c784ab000-7f1c784af000 ---p 00000000 00:00 0 
7f1c784af000-7f1c785ab000 rw-p 00000000 00:00 0 
7f1c785ab000-7f1c785af000 ---p 00000000 00:00 0 
7f1c785af000-7f1c786ab000 rw-p 00000000 00:00 0 
7f1c786ab000-7f1c78c1f000 r--p 00000000 08:04 22285321                   /usr/lib/locale/locale-archive
7f1c78c1f000-7f1c78c23000 ---p 00000000 00:00 0 
7f1c78c23000-7f1c78d1f000 rw-p 00000000 00:00 0 
7f1c78d1f000-7f1c78d23000 ---p 00000000 00:00 0 
7f1c78d23000-7f1c78e1f000 rw-p 00000000 00:00 0 
7f1c78e1f000-7f1c78e20000 ---p 00000000 00:00 0 
7f1c78e20000-7f1c78f20000 rw-p 00000000 00:00 0 
7f1c78f20000-7f1c78fee000 r-xp 00000000 08:04 22294556                   /usr/lib/jvm/jdk-17-oracle-x64/lib/libjsvml.so
7f1c78fee000-7f1c78fef000 r--p 000cd000 08:04 22294556                   /usr/lib/jvm/jdk-17-oracle-x64/lib/libjsvml.so
7f1c78fef000-7f1c78ff0000 rw-p 000ce000 08:04 22294556                   /usr/lib/jvm/jdk-17-oracle-x64/lib/libjsvml.so
7f1c78ff0000-7f1c7910d000 rw-p 00000000 00:00 0 
7f1c7910d000-7f1c7910e000 ---p 00000000 00:00 0 
7f1c7910e000-7f1c7920e000 rw-p 00000000 00:00 0 
7f1c7920e000-7f1c7920f000 ---p 00000000 00:00 0 
7f1c7920f000-7f1c79915000 rw-p 00000000 00:00 0 
7f1c79915000-7f1c79916000 ---p 00000000 00:00 0 
7f1c79916000-7f1c79a16000 rw-p 00000000 00:00 0 
7f1c79a16000-7f1c79a17000 ---p 00000000 00:00 0 
7f1c79a17000-7f1c79ef7000 rw-p 00000000 00:00 0 
7f1c79ef7000-7f1c7d8df000 ---p 00000000 00:00 0 
7f1c7d8df000-7f1c7dccf000 rw-p 00000000 00:00 0 
7f1c7dccf000-7f1c816b7000 ---p 00000000 00:00 0 
7f1c816b7000-7f1c816c7000 rw-p 00000000 00:00 0 
7f1c816c7000-7f1c81e97000 rwxp 00000000 00:00 0 
7f1c81e97000-7f1c88bfe000 ---p 00000000 00:00 0 
7f1c88bfe000-7f1c88e6e000 rwxp 00000000 00:00 0 
7f1c88e6e000-7f1c8918f000 ---p 00000000 00:00 0 
7f1c8918f000-7f1c8961f000 rwxp 00000000 00:00 0 
7f1c8961f000-7f1c906c7000 ---p 00000000 00:00 0 
7f1c906c7000-7f1c98000000 r--s 00000000 08:04 22294572                   /usr/lib/jvm/jdk-17-oracle-x64/lib/modules
7f1c98000000-7f1c9856d000 rw-p 00000000 00:00 0 
7f1c9856d000-7f1c9c000000 ---p 00000000 00:00 0 
7f1c9c00a000-7f1c9c011000 r--s 00000000 08:04 22940523                   /usr/lib/x86_64-linux-gnu/gconv/gconv-modules.cache
7f1c9c011000-7f1c9c015000 rw-s 00000000 00:01 98322                      /SYSV00000000 (deleted)
7f1c9c019000-7f1c9c01a000 r-xp 00000000 08:04 22294564                   /usr/lib/jvm/jdk-17-oracle-x64/lib/libprefs.so
7f1c9c01a000-7f1c9c01b000 ---p 00001000 08:04 22294564                   /usr/lib/jvm/jdk-17-oracle-x64/lib/libprefs.so
7f1c9c01b000-7f1c9c01c000 r--p 00001000 08:04 22294564                   /usr/lib/jvm/jdk-17-oracle-x64/lib/libprefs.so
7f1c9c01c000-7f1c9c01d000 rw-p 00002000 08:04 22294564                   /usr/lib/jvm/jdk-17-oracle-x64/lib/libprefs.so
7f1c9c01d000-7f1c9c024000 r-xp 00000000 08:04 22294571                   /usr/lib/jvm/jdk-17-oracle-x64/lib/libzip.so
7f1c9c024000-7f1c9c025000 ---p 00007000 08:04 22294571                   /usr/lib/jvm/jdk-17-oracle-x64/lib/libzip.so
7f1c9c025000-7f1c9c026000 r--p 00007000 08:04 22294571                   /usr/lib/jvm/jdk-17-oracle-x64/lib/libzip.so
7f1c9c026000-7f1c9c027000 rw-p 00008000 08:04 22294571                   /usr/lib/jvm/jdk-17-oracle-x64/lib/libzip.so
7f1c9c027000-7f1c9c03c000 r-xp 00000000 08:04 22294562                   /usr/lib/jvm/jdk-17-oracle-x64/lib/libnet.so
7f1c9c03c000-7f1c9c03d000 ---p 00015000 08:04 22294562                   /usr/lib/jvm/jdk-17-oracle-x64/lib/libnet.so
7f1c9c03d000-7f1c9c03e000 r--p 00015000 08:04 22294562                   /usr/lib/jvm/jdk-17-oracle-x64/lib/libnet.so
7f1c9c03e000-7f1c9c03f000 rw-p 00016000 08:04 22294562                   /usr/lib/jvm/jdk-17-oracle-x64/lib/libnet.so
7f1c9c03f000-7f1c9c052000 r-xp 00000000 08:04 22294563                   /usr/lib/jvm/jdk-17-oracle-x64/lib/libnio.so
7f1c9c052000-7f1c9c053000 r--p 00012000 08:04 22294563                   /usr/lib/jvm/jdk-17-oracle-x64/lib/libnio.so
7f1c9c053000-7f1c9c054000 rw-p 00013000 08:04 22294563                   /usr/lib/jvm/jdk-17-oracle-x64/lib/libnio.so
7f1c9c054000-7f1c9c055000 ---p 00000000 00:00 0 
7f1c9c055000-7f1c9c251000 rw-p 00000000 00:00 0 
7f1c9c251000-7f1c9c98e000 ---p 00000000 00:00 0 
7f1c9c98e000-7f1c9ca0c000 rw-p 00000000 00:00 0 
7f1c9ca0c000-7f1c9d149000 ---p 00000000 00:00 0 
7f1c9d149000-7f1c9d1c7000 rw-p 00000000 00:00 0 
7f1c9d1c7000-7f1c9d904000 ---p 00000000 00:00 0 
7f1c9d904000-7f1c9df16000 rw-p 00000000 00:00 0 
7f1c9df16000-7f1c9dff7000 ---p 00000000 00:00 0 
7f1c9dff7000-7f1c9e007000 rw-p 00000000 00:00 0 
7f1c9e007000-7f1c9e0e2000 ---p 00000000 00:00 0 
7f1c9e0e2000-7f1c9e106000 r-xp 00000000 08:04 22294548                   /usr/lib/jvm/jdk-17-oracle-x64/lib/libjava.so
7f1c9e106000-7f1c9e107000 ---p 00024000 08:04 22294548                   /usr/lib/jvm/jdk-17-oracle-x64/lib/libjava.so
7f1c9e107000-7f1c9e108000 r--p 00024000 08:04 22294548                   /usr/lib/jvm/jdk-17-oracle-x64/lib/libjava.so
7f1c9e108000-7f1c9e109000 rw-p 00025000 08:04 22294548                   /usr/lib/jvm/jdk-17-oracle-x64/lib/libjava.so
7f1c9e109000-7f1c9e10a000 rw-p 00000000 00:00 0 
7f1c9e10a000-7f1c9e125000 r-xp 00000000 08:04 22294552                   /usr/lib/jvm/jdk-17-oracle-x64/lib/libjimage.so
7f1c9e125000-7f1c9e126000 ---p 0001b000 08:04 22294552                   /usr/lib/jvm/jdk-17-oracle-x64/lib/libjimage.so
7f1c9e126000-7f1c9e128000 r--p 0001b000 08:04 22294552                   /usr/lib/jvm/jdk-17-oracle-x64/lib/libjimage.so
7f1c9e128000-7f1c9e129000 rw-p 0001d000 08:04 22294552                   /usr/lib/jvm/jdk-17-oracle-x64/lib/libjimage.so
7f1c9e129000-7f1c9e12d000 ---p 00000000 00:00 0 
7f1c9e12d000-7f1c9e229000 rw-p 00000000 00:00 0 
7f1c9e229000-7f1c9e237000 r--p 00000000 08:04 22286422                   /usr/lib/x86_64-linux-gnu/libm.so.6
7f1c9e237000-7f1c9e2b3000 r-xp 0000e000 08:04 22286422                   /usr/lib/x86_64-linux-gnu/libm.so.6
7f1c9e2b3000-7f1c9e30e000 r--p 0008a000 08:04 22286422                   /usr/lib/x86_64-linux-gnu/libm.so.6
7f1c9e30e000-7f1c9e30f000 r--p 000e4000 08:04 22286422                   /usr/lib/x86_64-linux-gnu/libm.so.6
7f1c9e30f000-7f1c9e310000 rw-p 000e5000 08:04 22286422                   /usr/lib/x86_64-linux-gnu/libm.so.6
7f1c9e310000-7f1c9e311000 r--p 00000000 08:04 22288558                   /usr/lib/x86_64-linux-gnu/librt.so.1
7f1c9e311000-7f1c9e312000 r-xp 00001000 08:04 22288558                   /usr/lib/x86_64-linux-gnu/librt.so.1
7f1c9e312000-7f1c9e313000 r--p 00002000 08:04 22288558                   /usr/lib/x86_64-linux-gnu/librt.so.1
7f1c9e313000-7f1c9e314000 r--p 00002000 08:04 22288558                   /usr/lib/x86_64-linux-gnu/librt.so.1
7f1c9e314000-7f1c9e315000 rw-p 00003000 08:04 22288558                   /usr/lib/x86_64-linux-gnu/librt.so.1
7f1c9e315000-7f1c9f45c000 r-xp 00000000 08:04 22294582                   /usr/lib/jvm/jdk-17-oracle-x64/lib/server/libjvm.so
7f1c9f45c000-7f1c9f512000 r--p 01146000 08:04 22294582                   /usr/lib/jvm/jdk-17-oracle-x64/lib/server/libjvm.so
7f1c9f512000-7f1c9f545000 rw-p 011fc000 08:04 22294582                   /usr/lib/jvm/jdk-17-oracle-x64/lib/server/libjvm.so
7f1c9f545000-7f1c9f5a3000 rw-p 00000000 00:00 0 
7f1c9f5a3000-7f1c9f5cb000 r--p 00000000 08:04 22282738                   /usr/lib/x86_64-linux-gnu/libc.so.6
7f1c9f5cb000-7f1c9f760000 r-xp 00028000 08:04 22282738                   /usr/lib/x86_64-linux-gnu/libc.so.6
7f1c9f760000-7f1c9f7b8000 r--p 001bd000 08:04 22282738                   /usr/lib/x86_64-linux-gnu/libc.so.6
7f1c9f7b8000-7f1c9f7b9000 ---p 00215000 08:04 22282738                   /usr/lib/x86_64-linux-gnu/libc.so.6
7f1c9f7b9000-7f1c9f7bd000 r--p 00215000 08:04 22282738                   /usr/lib/x86_64-linux-gnu/libc.so.6
7f1c9f7bd000-7f1c9f7bf000 rw-p 00219000 08:04 22282738                   /usr/lib/x86_64-linux-gnu/libc.so.6
7f1c9f7bf000-7f1c9f7cc000 rw-p 00000000 00:00 0 
7f1c9f7cc000-7f1c9f7cd000 r--p 00000000 08:04 22286107                   /usr/lib/x86_64-linux-gnu/libdl.so.2
7f1c9f7cd000-7f1c9f7ce000 r-xp 00001000 08:04 22286107                   /usr/lib/x86_64-linux-gnu/libdl.so.2
7f1c9f7ce000-7f1c9f7cf000 r--p 00002000 08:04 22286107                   /usr/lib/x86_64-linux-gnu/libdl.so.2
7f1c9f7cf000-7f1c9f7d0000 r--p 00002000 08:04 22286107                   /usr/lib/x86_64-linux-gnu/libdl.so.2
7f1c9f7d0000-7f1c9f7d1000 rw-p 00003000 08:04 22286107                   /usr/lib/x86_64-linux-gnu/libdl.so.2
7f1c9f7d1000-7f1c9f7d2000 r--p 00000000 08:04 22288555                   /usr/lib/x86_64-linux-gnu/libpthread.so.0
7f1c9f7d2000-7f1c9f7d3000 r-xp 00001000 08:04 22288555                   /usr/lib/x86_64-linux-gnu/libpthread.so.0
7f1c9f7d3000-7f1c9f7d4000 r--p 00002000 08:04 22288555                   /usr/lib/x86_64-linux-gnu/libpthread.so.0
7f1c9f7d4000-7f1c9f7d5000 r--p 00002000 08:04 22288555                   /usr/lib/x86_64-linux-gnu/libpthread.so.0
7f1c9f7d5000-7f1c9f7d6000 rw-p 00003000 08:04 22288555                   /usr/lib/x86_64-linux-gnu/libpthread.so.0
7f1c9f7d6000-7f1c9f7e4000 r-xp 00000000 08:04 22294553                   /usr/lib/jvm/jdk-17-oracle-x64/lib/libjli.so
7f1c9f7e4000-7f1c9f7e5000 ---p 0000e000 08:04 22294553                   /usr/lib/jvm/jdk-17-oracle-x64/lib/libjli.so
7f1c9f7e5000-7f1c9f7e6000 r--p 0000e000 08:04 22294553                   /usr/lib/jvm/jdk-17-oracle-x64/lib/libjli.so
7f1c9f7e6000-7f1c9f7e7000 rw-p 0000f000 08:04 22294553                   /usr/lib/jvm/jdk-17-oracle-x64/lib/libjli.so
7f1c9f7e7000-7f1c9f7e9000 r--p 00000000 08:04 22282495                   /usr/lib/x86_64-linux-gnu/libz.so.1.2.11
7f1c9f7e9000-7f1c9f7fa000 r-xp 00002000 08:04 22282495                   /usr/lib/x86_64-linux-gnu/libz.so.1.2.11
7f1c9f7fa000-7f1c9f800000 r--p 00013000 08:04 22282495                   /usr/lib/x86_64-linux-gnu/libz.so.1.2.11
7f1c9f800000-7f1c9f801000 ---p 00019000 08:04 22282495                   /usr/lib/x86_64-linux-gnu/libz.so.1.2.11
7f1c9f801000-7f1c9f802000 r--p 00019000 08:04 22282495                   /usr/lib/x86_64-linux-gnu/libz.so.1.2.11
7f1c9f802000-7f1c9f803000 rw-p 0001a000 08:04 22282495                   /usr/lib/x86_64-linux-gnu/libz.so.1.2.11
7f1c9f806000-7f1c9f80b000 rw-p 00000000 00:00 0 
7f1c9f80b000-7f1c9f812000 ---p 00000000 00:00 0 
7f1c9f812000-7f1c9f81a000 rw-s 00000000 08:04 9961601                    /tmp/hsperfdata_ru/18615
7f1c9f81a000-7f1c9f81b000 ---p 00000000 00:00 0 
7f1c9f81b000-7f1c9f81c000 r--p 00000000 00:00 0 
7f1c9f81c000-7f1c9f81e000 rw-p 00000000 00:00 0 
7f1c9f81e000-7f1c9f820000 r--p 00000000 08:04 22282732                   /usr/lib/x86_64-linux-gnu/ld-linux-x86-64.so.2
7f1c9f820000-7f1c9f84a000 r-xp 00002000 08:04 22282732                   /usr/lib/x86_64-linux-gnu/ld-linux-x86-64.so.2
7f1c9f84a000-7f1c9f855000 r--p 0002c000 08:04 22282732                   /usr/lib/x86_64-linux-gnu/ld-linux-x86-64.so.2
7f1c9f855000-7f1c9f856000 ---p 00000000 00:00 0 
7f1c9f856000-7f1c9f858000 r--p 00037000 08:04 22282732                   /usr/lib/x86_64-linux-gnu/ld-linux-x86-64.so.2
7f1c9f858000-7f1c9f85a000 rw-p 00039000 08:04 22282732                   /usr/lib/x86_64-linux-gnu/ld-linux-x86-64.so.2
7fff5792c000-7fff5794d000 rw-p 00000000 00:00 0                          [stack]
7fff579b0000-7fff579b4000 r--p 00000000 00:00 0                          [vvar]
7fff579b4000-7fff579b6000 r-xp 00000000 00:00 0                          [vdso]
ffffffffff600000-ffffffffff601000 --xp 00000000 00:00 0                  [vsyscall]


VM Arguments:
jvm_args: -Djava.library.path=clips 
java_command: clips/CLIPSIDE.jar
java_class_path (initial): clips/CLIPSIDE.jar
Launcher Type: SUN_STANDARD

[Global flags]
     intx CICompilerCount                          = 3                                         {product} {ergonomic}
     uint ConcGCThreads                            = 2                                         {product} {ergonomic}
     uint G1ConcRefinementThreads                  = 6                                         {product} {ergonomic}
   size_t G1HeapRegionSize                         = 2097152                                   {product} {ergonomic}
    uintx GCDrainStackTargetSize                   = 64                                        {product} {ergonomic}
   size_t InitialHeapSize                          = 260046848                                 {product} {ergonomic}
   size_t MarkStackSize                            = 4194304                                   {product} {ergonomic}
   size_t MaxHeapSize                              = 4150263808                                {product} {ergonomic}
   size_t MaxNewSize                               = 2489319424                                {product} {ergonomic}
   size_t MinHeapDeltaBytes                        = 2097152                                   {product} {ergonomic}
   size_t MinHeapSize                              = 8388608                                   {product} {ergonomic}
    uintx NonNMethodCodeHeapSize                   = 5832780                                {pd product} {ergonomic}
    uintx NonProfiledCodeHeapSize                  = 122912730                              {pd product} {ergonomic}
    uintx ProfiledCodeHeapSize                     = 122912730                              {pd product} {ergonomic}
    uintx ReservedCodeCacheSize                    = 251658240                              {pd product} {ergonomic}
     bool SegmentedCodeCache                       = true                                      {product} {ergonomic}
   size_t SoftMaxHeapSize                          = 4150263808                             {manageable} {ergonomic}
     bool UseCompressedClassPointers               = true                           {product lp64_product} {ergonomic}
     bool UseCompressedOops                        = true                           {product lp64_product} {ergonomic}
     bool UseG1GC                                  = true                                      {product} {ergonomic}

Logging:
Log output configuration:
 #0: stdout all=warning uptime,level,tags
 #1: stderr all=off uptime,level,tags

Environment Variables:
PATH=/home/ru/anaconda3/bin:/home/ru/bin:/home/ru/.local/bin:/home/ru/bin:/usr/local/sbin:/usr/local/bin:/usr/sbin:/usr/bin:/sbin:/bin:/usr/games:/usr/local/games:/snap/bin
SHELL=/bin/bash
DISPLAY=:0
LANG=en_US.UTF-8

Signal Handlers:
   SIGSEGV: crash_handler in libjvm.so, mask=11100100010111111101111111111110, flags=SA_RESTART|SA_SIGINFO
    SIGBUS: crash_handler in libjvm.so, mask=11100100010111111101111111111110, flags=SA_RESTART|SA_SIGINFO
    SIGFPE: crash_handler in libjvm.so, mask=11100100010111111101111111111110, flags=SA_RESTART|SA_SIGINFO
   SIGPIPE: javaSignalHandler in libjvm.so, mask=11100100010111111101111111111110, flags=SA_RESTART|SA_SIGINFO
   SIGXFSZ: javaSignalHandler in libjvm.so, mask=11100100010111111101111111111110, flags=SA_RESTART|SA_SIGINFO
    SIGILL: crash_handler in libjvm.so, mask=11100100010111111101111111111110, flags=SA_RESTART|SA_SIGINFO
   SIGUSR2: SR_handler in libjvm.so, mask=00000000000000000000000000000000, flags=SA_RESTART|SA_SIGINFO
    SIGHUP: UserHandler in libjvm.so, mask=11100100010111111101111111111110, flags=SA_RESTART|SA_SIGINFO
    SIGINT: UserHandler in libjvm.so, mask=11100100010111111101111111111110, flags=SA_RESTART|SA_SIGINFO
   SIGTERM: UserHandler in libjvm.so, mask=11100100010111111101111111111110, flags=SA_RESTART|SA_SIGINFO
   SIGQUIT: UserHandler in libjvm.so, mask=11100100010111111101111111111110, flags=SA_RESTART|SA_SIGINFO
   SIGTRAP: crash_handler in libjvm.so, mask=11100100010111111101111111111110, flags=SA_RESTART|SA_SIGINFO


---------------  S Y S T E M  ---------------

OS:
DISTRIB_ID=LinuxMint
DISTRIB_RELEASE=21.3
DISTRIB_CODENAME=virginia
DISTRIB_DESCRIPTION="Linux Mint 21.3 Virginia"
uname: Linux 5.15.0-107-generic #117-Ubuntu SMP Fri Apr 26 12:26:49 UTC 2024 x86_64
OS uptime: 0 days 9:20 hours
libc: glibc 2.35 NPTL 2.35 
rlimit (soft/hard): STACK 8192k/infinity , CORE 0k/infinity , NPROC 62840/62840 , NOFILE 1048576/1048576 , AS infinity/infinity , CPU infinity/infinity , DATA infinity/infinity , FSIZE infinity/infinity , MEMLOCK 2026104k/2026104k
load average: 2.51 1.96 1.50

/proc/meminfo:
MemTotal:       16208832 kB
MemFree:         1471300 kB
MemAvailable:    9411644 kB
Buffers:         1655668 kB
Cached:          6413912 kB
SwapCached:            0 kB
Active:          3579864 kB
Inactive:        8499396 kB
Active(anon):       4276 kB
Inactive(anon):  5122020 kB
Active(file):    3575588 kB
Inactive(file):  3377376 kB
Unevictable:      950172 kB
Mlocked:              60 kB
SwapTotal:      32201724 kB
SwapFree:       32201724 kB
Dirty:               188 kB
Writeback:             0 kB
AnonPages:       4960124 kB
Mapped:           924512 kB
Shmem:           1116420 kB
KReclaimable:    1327788 kB
Slab:            1500636 kB
SReclaimable:    1327788 kB
SUnreclaim:       172848 kB
KernelStack:       17952 kB
PageTables:        54096 kB
NFS_Unstable:          0 kB
Bounce:                0 kB
WritebackTmp:          0 kB
CommitLimit:    40306140 kB
Committed_AS:   24770492 kB
VmallocTotal:   34359738367 kB
VmallocUsed:       44472 kB
VmallocChunk:          0 kB
Percpu:             6656 kB
HardwareCorrupted:     0 kB
AnonHugePages:         0 kB
ShmemHugePages:        0 kB
ShmemPmdMapped:        0 kB
FileHugePages:         0 kB
FilePmdMapped:         0 kB
HugePages_Total:       0
HugePages_Free:        0
HugePages_Rsvd:        0
HugePages_Surp:        0
Hugepagesize:       2048 kB
Hugetlb:               0 kB
DirectMap4k:      587612 kB
DirectMap2M:    13928448 kB
DirectMap1G:     2097152 kB

/sys/kernel/mm/transparent_hugepage/enabled: always [madvise] never
/sys/kernel/mm/transparent_hugepage/defrag (defrag/compaction efforts parameter): always defer defer+madvise [madvise] never

Process Memory:
Virtual Size: 7921640K (peak: 7987148K)
Resident Set Size: 290228K (peak: 290228K) (anon: 263756K, file: 26456K, shmem: 16K)
Swapped out: 0K
C-Heap outstanding allocations: 31117K, retained: 47918K

/proc/sys/kernel/threads-max (system-wide limit on the number of threads): 125681
/proc/sys/vm/max_map_count (maximum number of memory map areas a process may have): 65530
/proc/sys/kernel/pid_max (system-wide limit on number of process identifiers): 4194304

container (cgroup) information:
container_type: cgroupv2
cpu_cpuset_cpus: not supported
cpu_memory_nodes: not supported
active_processor_count: 6
cpu_quota: not supported
cpu_period: not supported
cpu_shares: not supported
memory_limit_in_bytes: unlimited
memory_and_swap_limit_in_bytes: unlimited
memory_soft_limit_in_bytes: unlimited
memory_usage_in_bytes: 302056 k
memory_max_usage_in_bytes: not supported
memory_swap_current_in_bytes: unlimited
memory_swap_max_limit_in_bytes: unlimited
maximum number of tasks: 18852
current number of tasks: 37

Steal ticks since vm start: 0
Steal ticks percentage since vm start:  0.000

CPU: total 6 (initial active 6) (6 cores per cpu, 1 threads per core) family 6 model 158 stepping 10 microcode 0xf6, cx8, cmov, fxsr, mmx, 3dnowpref, sse, sse2, sse3, ssse3, sse4.1, sse4.2, popcnt, lzcnt, tsc, tscinvbit, avx, avx2, aes, erms, clmul, bmi1, bmi2, adx, fma, vzeroupper, clflush, clflushopt
CPU Model and flags from /proc/cpuinfo:
model name	: Intel(R) Core(TM) i5-8500 CPU @ 3.00GHz
flags		: fpu vme de pse tsc msr pae mce cx8 apic sep mtrr pge mca cmov pat pse36 clflush dts acpi mmx fxsr sse sse2 ss ht tm pbe syscall nx pdpe1gb rdtscp lm constant_tsc art arch_perfmon pebs bts rep_good nopl xtopology nonstop_tsc cpuid aperfmperf pni pclmulqdq dtes64 monitor ds_cpl vmx smx est tm2 ssse3 sdbg fma cx16 xtpr pdcm pcid sse4_1 sse4_2 x2apic movbe popcnt tsc_deadline_timer aes xsave avx f16c rdrand lahf_lm abm 3dnowprefetch cpuid_fault invpcid_single pti ssbd ibrs ibpb stibp tpr_shadow vnmi flexpriority ept vpid ept_ad fsgsbase tsc_adjust bmi1 avx2 smep bmi2 erms invpcid mpx rdseed adx smap clflushopt intel_pt xsaveopt xsavec xgetbv1 xsaves dtherm ida arat pln pts hwp hwp_notify hwp_act_window hwp_epp md_clear flush_l1d arch_capabilities

Online cpus: 0-5
Offline cpus: 
BIOS frequency limitation: <Not Available>
Frequency switch latency (ns): 0
Available cpu frequencies: <Not Available>
Current governor: powersave
Core performance/turbo boost: <Not Available>

Memory: 4k page, physical 16208832k(1471300k free), swap 32201724k(32201724k free)
Page Sizes: 4k

vm_info: Java HotSpot(TM) 64-Bit Server VM (17.0.9+11-LTS-201) for linux-amd64 JRE (17.0.9+11-LTS-201), built on Oct 10 2023 22:07:57 by "mach5one" with gcc 11.2.0

END.
